#
# A fatal error has been detected by the Java Runtime Environment:
#
#  EXCEPTION_UNCAUGHT_CXX_EXCEPTION (0xe06d7363) at pc=0x77264b32, pid=2440, tid=572
#
# JRE version: 7.0_07-b11
# Java VM: Java HotSpot(TM) Client VM (23.3-b01 mixed mode, sharing windows-x86 )
# Problematic frame:
# C  [KERNELBASE.dll+0x14b32]  RaiseException+0x49
#
# Failed to write core dump. Minidumps are not enabled by default on client versions of Windows
#
# If you would like to submit a bug report, please visit:
#   http://bugreport.sun.com/bugreport/crash.jsp
# The crash happened outside the Java Virtual Machine in native code.
# See problematic frame for where to report the bug.
#

---------------  T H R E A D  ---------------

Current thread (0x051bf000):  JavaThread "AWT-EventQueue-0" [_thread_in_native, id=572, stack(0x060f0000,0x06140000)]

siginfo: ExceptionCode=0xe06d7363, ExceptionInformation=0x19930520 0x0612a890 0x6c8415bc 

Registers:
EAX=0x0612a7e0, EBX=0x00000d56, ECX=0x00000003, EDX=0x00000000
ESP=0x0612a7e0, EBP=0x0612a83c, ESI=0x0613beec, EDI=0x6d831ec6
EIP=0x77264b32, EFLAGS=0x00000212

Top of Stack: (sp=0x0612a7e0)
0x0612a7e0:   e06d7363 00000001 00000000 77264b32
0x0612a7f0:   00000003 19930520 0612a890 6c8415bc
0x0612a800:   9ebd66d7 00000031 0612a8f4 00000000
0x0612a810:   05231a40 0612a8f4 0612a800 0612a8f4
0x0612a820:   00000031 0612a844 6c6740fe 05231a40
0x0612a830:   05231968 83a05141 0613beec 0612a874
0x0612a840:   6d847819 e06d7363 00000001 00000003
0x0612a850:   0612a868 e06d7363 00000001 00000000 

Instructions: (pc=0x77264b32)
0x77264b12:   01 89 44 24 04 c7 44 24 0c e9 4a 26 77 85 c9 75
0x77264b22:   20 83 64 24 10 00 8d 04 24 50 ff 15 80 83 2e 77
0x77264b32:   8b 4c 24 54 33 cc e8 07 72 ff ff 8b e5 5d c2 10
0x77264b42:   00 8b 45 10 83 f8 0f 0f 87 37 bf 04 00 89 44 24 


Register to memory mapping:

EAX=0x0612a7e0 is pointing into the stack for thread: 0x051bf000
EBX=0x00000d56 is an unknown value
ECX=0x00000003 is an unknown value
EDX=0x00000000 is an unknown value
ESP=0x0612a7e0 is pointing into the stack for thread: 0x051bf000
EBP=0x0612a83c is pointing into the stack for thread: 0x051bf000
ESI=0x0613beec is pointing into the stack for thread: 0x051bf000
EDI=0x6d831ec6 is an unknown value


Stack: [0x060f0000,0x06140000],  sp=0x0612a7e0,  free space=233k
Native frames: (J=compiled Java code, j=interpreted, Vv=VM code, C=native code)
C  [KERNELBASE.dll+0x14b32]  RaiseException+0x49
C  [msvcr100.dll+0x27819]  CxxThrowException+0x45

Java frames: (J=compiled Java code, j=interpreted, Vv=VM code)
j  com.googlecode.javacv.cpp.opencv_imgproc.cvCvtColor(Lcom/googlecode/javacv/cpp/opencv_core$CvArr;Lcom/googlecode/javacv/cpp/opencv_core$CvArr;I)V+0
j  ocr.entities.ImageTools.converterImgEscalaCinza(Lcom/googlecode/javacv/cpp/opencv_core$IplImage;)Lcom/googlecode/javacv/cpp/opencv_core$IplImage;+22
j  ocr.controllers.OCR_Controller.preprocessar(Lcom/googlecode/javacv/cpp/opencv_core$IplImage;)Lcom/googlecode/javacv/cpp/opencv_core$IplImage;+27
j  ocr.controllers.OCR_Controller.adicionarAoTreino(Ljava/awt/image/BufferedImage;Ljava/lang/Integer;)V+25
j  ocr.controllers.OCR_Controller.atualizar(Locr/interfaces/Drawer_Observable;)V+19
j  ocr.gui.Janela.notificarDesenho()V+29
j  ocr.gui.Janela.atualizar(Locr/interfaces/Drawer_Observable;)V+48
j  ocr.gui.ControlePainelDesenho.notificarDesenho()V+29
j  ocr.gui.ControlePainelDesenho$3.actionPerformed(Ljava/awt/event/ActionEvent;)V+17
j  javax.swing.AbstractButton.fireActionPerformed(Ljava/awt/event/ActionEvent;)V+84
j  javax.swing.AbstractButton$Handler.actionPerformed(Ljava/awt/event/ActionEvent;)V+5
j  javax.swing.DefaultButtonModel.fireActionPerformed(Ljava/awt/event/ActionEvent;)V+35
j  javax.swing.DefaultButtonModel.setPressed(Z)V+117
j  javax.swing.plaf.basic.BasicButtonListener.mouseReleased(Ljava/awt/event/MouseEvent;)V+35
j  java.awt.Component.processMouseEvent(Ljava/awt/event/MouseEvent;)V+64
j  javax.swing.JComponent.processMouseEvent(Ljava/awt/event/MouseEvent;)V+23
j  java.awt.Component.processEvent(Ljava/awt/AWTEvent;)V+81
j  java.awt.Container.processEvent(Ljava/awt/AWTEvent;)V+18
j  java.awt.Component.dispatchEventImpl(Ljava/awt/AWTEvent;)V+581
j  java.awt.Container.dispatchEventImpl(Ljava/awt/AWTEvent;)V+42
j  java.awt.Component.dispatchEvent(Ljava/awt/AWTEvent;)V+2
j  java.awt.LightweightDispatcher.retargetMouseEvent(Ljava/awt/Component;ILjava/awt/event/MouseEvent;)V+327
j  java.awt.LightweightDispatcher.processMouseEvent(Ljava/awt/event/MouseEvent;)Z+139
j  java.awt.LightweightDispatcher.dispatchEvent(Ljava/awt/AWTEvent;)Z+50
j  java.awt.Container.dispatchEventImpl(Ljava/awt/AWTEvent;)V+12
j  java.awt.Component.dispatchEvent(Ljava/awt/AWTEvent;)V+2
j  java.awt.EventQueue.dispatchEventImpl(Ljava/awt/AWTEvent;Ljava/lang/Object;)V+41
j  java.awt.EventQueue.access$200(Ljava/awt/EventQueue;Ljava/awt/AWTEvent;Ljava/lang/Object;)V+3
j  java.awt.EventQueue$3.run()Ljava/lang/Void;+12
j  java.awt.EventQueue$3.run()Ljava/lang/Object;+1
v  ~StubRoutines::call_stub
j  java.security.AccessController.doPrivileged(Ljava/security/PrivilegedAction;Ljava/security/AccessControlContext;)Ljava/lang/Object;+0
j  java.security.ProtectionDomain$1.doIntersectionPrivilege(Ljava/security/PrivilegedAction;Ljava/security/AccessControlContext;Ljava/security/AccessControlContext;)Ljava/lang/Object;+28
j  java.security.ProtectionDomain$1.doIntersectionPrivilege(Ljava/security/PrivilegedAction;Ljava/security/AccessControlContext;)Ljava/lang/Object;+6
j  java.awt.EventQueue$4.run()Ljava/lang/Void;+11
j  java.awt.EventQueue$4.run()Ljava/lang/Object;+1
v  ~StubRoutines::call_stub
j  java.security.AccessController.doPrivileged(Ljava/security/PrivilegedAction;Ljava/security/AccessControlContext;)Ljava/lang/Object;+0
j  java.security.ProtectionDomain$1.doIntersectionPrivilege(Ljava/security/PrivilegedAction;Ljava/security/AccessControlContext;Ljava/security/AccessControlContext;)Ljava/lang/Object;+28
j  java.awt.EventQueue.dispatchEvent(Ljava/awt/AWTEvent;)V+73
j  java.awt.EventDispatchThread.pumpOneEventForFilters(I)V+245
j  java.awt.EventDispatchThread.pumpEventsForFilter(ILjava/awt/Conditional;Ljava/awt/EventFilter;)V+48
j  java.awt.EventDispatchThread.pumpEventsForHierarchy(ILjava/awt/Conditional;Ljava/awt/Component;)V+11
j  java.awt.EventDispatchThread.pumpEvents(ILjava/awt/Conditional;)V+4
j  java.awt.EventDispatchThread.pumpEvents(Ljava/awt/Conditional;)V+3
j  java.awt.EventDispatchThread.run()V+9
v  ~StubRoutines::call_stub

---------------  P R O C E S S  ---------------

Java Threads: ( => current thread )
  0x0129bc00 JavaThread "DestroyJavaVM" [_thread_blocked, id=4200, stack(0x011d0000,0x01220000)]
=>0x051bf000 JavaThread "AWT-EventQueue-0" [_thread_in_native, id=572, stack(0x060f0000,0x06140000)]
  0x05161800 JavaThread "AWT-Windows" daemon [_thread_in_native, id=600, stack(0x05990000,0x059e0000)]
  0x05160c00 JavaThread "AWT-Shutdown" [_thread_blocked, id=6176, stack(0x05900000,0x05950000)]
  0x05160400 JavaThread "Java2D Disposer" daemon [_thread_blocked, id=3256, stack(0x05820000,0x05870000)]
  0x02ab0800 JavaThread "Service Thread" daemon [_thread_blocked, id=8960, stack(0x05010000,0x05060000)]
  0x02aaf800 JavaThread "C1 CompilerThread0" daemon [_thread_blocked, id=2156, stack(0x04f80000,0x04fd0000)]
  0x02aae400 JavaThread "Attach Listener" daemon [_thread_blocked, id=6380, stack(0x04ef0000,0x04f40000)]
  0x02aac400 JavaThread "Signal Dispatcher" daemon [_thread_blocked, id=4588, stack(0x04e60000,0x04eb0000)]
  0x02a98c00 JavaThread "Finalizer" daemon [_thread_blocked, id=4272, stack(0x04dd0000,0x04e20000)]
  0x02a94000 JavaThread "Reference Handler" daemon [_thread_blocked, id=7980, stack(0x04d40000,0x04d90000)]

Other Threads:
  0x02a92c00 VMThread [stack: 0x04cb0000,0x04d00000] [id=9176]
  0x02ab4800 WatcherThread [stack: 0x050a0000,0x050f0000] [id=6096]

VM state:not at safepoint (normal execution)

VM Mutex/Monitor currently owned by a thread: None

Heap
 def new generation   total 4928K, used 4384K [0x24260000, 0x247b0000, 0x297b0000)
  eden space 4416K,  89% used [0x24260000, 0x2463e8b8, 0x246b0000)
  from space 512K,  82% used [0x246b0000, 0x247197f8, 0x24730000)
  to   space 512K,   0% used [0x24730000, 0x24730000, 0x247b0000)
 tenured generation   total 10944K, used 2773K [0x297b0000, 0x2a260000, 0x34260000)
   the space 10944K,  25% used [0x297b0000, 0x29a656d0, 0x29a65800, 0x2a260000)
 compacting perm gen  total 12288K, used 1753K [0x34260000, 0x34e60000, 0x38260000)
   the space 12288K,  14% used [0x34260000, 0x34416598, 0x34416600, 0x34e60000)
    ro space 10240K,  45% used [0x38260000, 0x386e4650, 0x386e4800, 0x38c60000)
    rw space 12288K,  54% used [0x38c60000, 0x392e7e58, 0x392e8000, 0x39860000)

Card table byte_map: [0x04c00000,0x04cb0000] byte_map_base: 0x04aded00

Polling page: 0x00f50000

Code Cache  [0x02c00000, 0x02ce0000, 0x04c00000)
 total_blobs=454 nmethods=212 adapters=177 free_code_cache=31877Kb largest_free_block=32642560

Compilation events (10 events):
Event: 5.835 Thread 0x02aaf800  204             java.lang.Integer::valueOf (54 bytes)
Event: 5.836 Thread 0x02aaf800 nmethod 204 0x02cdde88 code [0x02cddf80, 0x02cde070]
Event: 5.838 Thread 0x02aaf800  205             java.lang.String::indexOf (7 bytes)
Event: 5.839 Thread 0x02aaf800 nmethod 205 0x02cde148 code [0x02cde240, 0x02cde2dc]
Event: 5.840 Thread 0x02aaf800  206             java.lang.ref.Reference::get (5 bytes)
Event: 5.840 Thread 0x02aaf800 nmethod 206 0x02cde348 code [0x02cde440, 0x02cde4c0]
Event: 5.841 Thread 0x02aaf800  207             java.net.URL::getHost (5 bytes)
Event: 5.841 Thread 0x02aaf800 nmethod 207 0x02cde508 code [0x02cde600, 0x02cde680]
Event: 5.843 Thread 0x02aaf800  208             java.util.Arrays::copyOf (19 bytes)
Event: 5.843 Thread 0x02aaf800 nmethod 208 0x02cde6c8 code [0x02cde7d0, 0x02cde93c]

GC Heap History (4 events):
Event: 1.944 GC heap before
{Heap before GC invocations=0 (full 0):
 def new generation   total 4928K, used 4416K [0x24260000, 0x247b0000, 0x297b0000)
  eden space 4416K, 100% used [0x24260000, 0x246b0000, 0x246b0000)
  from space 512K,   0% used [0x246b0000, 0x246b0000, 0x24730000)
  to   space 512K,   0% used [0x24730000, 0x24730000, 0x247b0000)
 tenured generation   total 10944K, used 0K [0x297b0000, 0x2a260000, 0x34260000)
   the space 10944K,   0% used [0x297b0000, 0x297b0000, 0x297b0200, 0x2a260000)
 compacting perm gen  total 12288K, used 909K [0x34260000, 0x34e60000, 0x38260000)
   the space 12288K,   7% used [0x34260000, 0x34343708, 0x34343800, 0x34e60000)
    ro space 10240K,  45% used [0x38260000, 0x386e4650, 0x386e4800, 0x38c60000)
    rw space 12288K,  54% used [0x38c60000, 0x392e7e58, 0x392e8000, 0x39860000)
Event: 1.952 GC heap after
Heap after GC invocations=1 (full 0):
 def new generation   total 4928K, used 512K [0x24260000, 0x247b0000, 0x297b0000)
  eden space 4416K,   0% used [0x24260000, 0x24260000, 0x246b0000)
  from space 512K, 100% used [0x24730000, 0x247b0000, 0x247b0000)
  to   space 512K,   0% used [0x246b0000, 0x246b0000, 0x24730000)
 tenured generation   total 10944K, used 2263K [0x297b0000, 0x2a260000, 0x34260000)
   the space 10944K,  20% used [0x297b0000, 0x299e5c48, 0x299e5e00, 0x2a260000)
 compacting perm gen  total 12288K, used 909K [0x34260000, 0x34e60000, 0x38260000)
   the space 12288K,   7% used [0x34260000, 0x34343708, 0x34343800, 0x34e60000)
    ro space 10240K,  45% used [0x38260000, 0x386e4650, 0x386e4800, 0x38c60000)
    rw space 12288K,  54% used [0x38c60000, 0x392e7e58, 0x392e8000, 0x39860000)
}
Event: 5.497 GC heap before
{Heap before GC invocations=1 (full 0):
 def new generation   total 4928K, used 4604K [0x24260000, 0x247b0000, 0x297b0000)
  eden space 4416K,  92% used [0x24260000, 0x2465f158, 0x246b0000)
  from space 512K, 100% used [0x24730000, 0x247b0000, 0x247b0000)
  to   space 512K,   0% used [0x246b0000, 0x246b0000, 0x24730000)
 tenured generation   total 10944K, used 2263K [0x297b0000, 0x2a260000, 0x34260000)
   the space 10944K,  20% used [0x297b0000, 0x299e5c48, 0x299e5e00, 0x2a260000)
 compacting perm gen  total 12288K, used 957K [0x34260000, 0x34e60000, 0x38260000)
   the space 12288K,   7% used [0x34260000, 0x3434f728, 0x3434f800, 0x34e60000)
    ro space 10240K,  45% used [0x38260000, 0x386e4650, 0x386e4800, 0x38c60000)
    rw space 12288K,  54% used [0x38c60000, 0x392e7e58, 0x392e8000, 0x39860000)
Event: 5.501 GC heap after
Heap after GC invocations=2 (full 0):
 def new generation   total 4928K, used 421K [0x24260000, 0x247b0000, 0x297b0000)
  eden space 4416K,   0% used [0x24260000, 0x24260000, 0x246b0000)
  from space 512K,  82% used [0x246b0000, 0x247197f8, 0x24730000)
  to   space 512K,   0% used [0x24730000, 0x24730000, 0x247b0000)
 tenured generation   total 10944K, used 2773K [0x297b0000, 0x2a260000, 0x34260000)
   the space 10944K,  25% used [0x297b0000, 0x29a656d0, 0x29a65800, 0x2a260000)
 compacting perm gen  total 12288K, used 957K [0x34260000, 0x34e60000, 0x38260000)
   the space 12288K,   7% used [0x34260000, 0x3434f728, 0x3434f800, 0x34e60000)
    ro space 10240K,  45% used [0x38260000, 0x386e4650, 0x386e4800, 0x38c60000)
    rw space 12288K,  54% used [0x38c60000, 0x392e7e58, 0x392e8000, 0x39860000)
}

Deoptimization events (0 events):
No events

Internal exceptions (10 events):
Event: 5.836 Thread 0x051bf000 Threw 0x2460e1f0 at C:\jdk7u1_32P\jdk7u7\hotspot\src\share\vm\prims\jvm.cpp:1166
Event: 5.837 Thread 0x051bf000 Threw 0x24612338 at C:\jdk7u1_32P\jdk7u7\hotspot\src\share\vm\prims\jvm.cpp:1166
Event: 5.837 Thread 0x051bf000 Threw 0x24616d60 at C:\jdk7u1_32P\jdk7u7\hotspot\src\share\vm\prims\jvm.cpp:1166
Event: 5.838 Thread 0x051bf000 Threw 0x2461af60 at C:\jdk7u1_32P\jdk7u7\hotspot\src\share\vm\prims\jvm.cpp:1166
Event: 5.839 Thread 0x051bf000 Threw 0x2461f7b8 at C:\jdk7u1_32P\jdk7u7\hotspot\src\share\vm\prims\jvm.cpp:1166
Event: 5.839 Thread 0x051bf000 Threw 0x24623930 at C:\jdk7u1_32P\jdk7u7\hotspot\src\share\vm\prims\jvm.cpp:1166
Event: 5.840 Thread 0x051bf000 Threw 0x24627ad0 at C:\jdk7u1_32P\jdk7u7\hotspot\src\share\vm\prims\jvm.cpp:1166
Event: 5.841 Thread 0x051bf000 Threw 0x2462cfd0 at C:\jdk7u1_32P\jdk7u7\hotspot\src\share\vm\prims\jvm.cpp:1166
Event: 5.842 Thread 0x051bf000 Threw 0x24631530 at C:\jdk7u1_32P\jdk7u7\hotspot\src\share\vm\prims\jvm.cpp:1166
Event: 5.843 Thread 0x051bf000 Threw 0x24635238 at C:\jdk7u1_32P\jdk7u7\hotspot\src\share\vm\prims\jvm.cpp:1166

Events (10 events):
Event: 5.839 loading class 0x05230f00
Event: 5.839 loading class 0x05230f00 done
Event: 5.840 loading class 0x05231020
Event: 5.840 loading class 0x05231020 done
Event: 5.841 loading class 0x05235cd0
Event: 5.841 loading class 0x05235cd0 done
Event: 5.842 loading class 0x05235b90
Event: 5.842 loading class 0x05235b90 done
Event: 5.842 loading class 0x02ad79c0
Event: 5.842 loading class 0x02ad79c0 done


Dynamic libraries:
0x00a70000 - 0x00a9f000 	C:\Program Files (x86)\Java\jdk1.7.0_07\jre\bin\java.exe
0x773e0000 - 0x77537000 	C:\Windows\SYSTEM32\ntdll.dll
0x75870000 - 0x759a0000 	C:\Windows\SYSTEM32\KERNEL32.DLL
0x77250000 - 0x772f6000 	C:\Windows\SYSTEM32\KERNELBASE.dll
0x736c0000 - 0x73767000 	C:\Windows\system32\apphelp.dll
0x759a0000 - 0x75a4e000 	C:\Windows\SYSTEM32\ADVAPI32.dll
0x75380000 - 0x75496000 	C:\Windows\SYSTEM32\USER32.dll
0x72d90000 - 0x72f88000 	C:\Windows\WinSxS\x86_microsoft.windows.common-controls_6595b64144ccf1df_6.0.9200.16579_none_8937eec6860750f5\COMCTL32.dll
0x76f20000 - 0x76fd1000 	C:\Windows\SYSTEM32\msvcrt.dll
0x75010000 - 0x75044000 	C:\Windows\SYSTEM32\sechost.dll
0x74e80000 - 0x74f2c000 	C:\Windows\SYSTEM32\RPCRT4.dll
0x75050000 - 0x7514d000 	C:\Windows\SYSTEM32\GDI32.dll
0x74a20000 - 0x74a3c000 	C:\Windows\SYSTEM32\SspiCli.dll
0x74a10000 - 0x74a19000 	C:\Windows\SYSTEM32\CRYPTBASE.dll
0x749b0000 - 0x74a01000 	C:\Windows\SYSTEM32\bcryptPrimitives.dll
0x77230000 - 0x77250000 	C:\Windows\system32\IMM32.DLL
0x75790000 - 0x7586d000 	C:\Windows\SYSTEM32\MSCTF.dll
0x6d820000 - 0x6d8de000 	C:\Program Files (x86)\Java\jdk1.7.0_07\jre\bin\msvcr100.dll
0x6d920000 - 0x6dc6c000 	C:\Program Files (x86)\Java\jdk1.7.0_07\jre\bin\client\jvm.dll
0x73f20000 - 0x73f28000 	C:\Windows\SYSTEM32\WSOCK32.dll
0x746a0000 - 0x746c1000 	C:\Windows\SYSTEM32\WINMM.dll
0x74c80000 - 0x74c86000 	C:\Windows\SYSTEM32\PSAPI.DLL
0x771a0000 - 0x771f0000 	C:\Windows\SYSTEM32\WS2_32.dll
0x74100000 - 0x7412a000 	C:\Windows\SYSTEM32\WINMMBASE.dll
0x74dd0000 - 0x74dd8000 	C:\Windows\SYSTEM32\NSI.dll
0x6d910000 - 0x6d91c000 	C:\Program Files (x86)\Java\jdk1.7.0_07\jre\bin\verify.dll
0x6d7c0000 - 0x6d7e0000 	C:\Program Files (x86)\Java\jdk1.7.0_07\jre\bin\java.dll
0x6d7a0000 - 0x6d7b3000 	C:\Program Files (x86)\Java\jdk1.7.0_07\jre\bin\zip.dll
0x6d630000 - 0x6d772000 	C:\Program Files (x86)\Java\jdk1.7.0_07\jre\bin\awt.dll
0x74df0000 - 0x74e7b000 	C:\Windows\SYSTEM32\OLEAUT32.dll
0x74c90000 - 0x74dc6000 	C:\Windows\SYSTEM32\combase.dll
0x73fd0000 - 0x73fe9000 	C:\Windows\system32\DWMAPI.DLL
0x73ff0000 - 0x74078000 	C:\Windows\system32\uxtheme.dll
0x75670000 - 0x75789000 	C:\Windows\SYSTEM32\ole32.dll
0x75c50000 - 0x76d16000 	C:\Windows\SYSTEM32\SHELL32.dll
0x754a0000 - 0x754e0000 	C:\Windows\SYSTEM32\SHLWAPI.dll
0x747f0000 - 0x74865000 	C:\Windows\SYSTEM32\shcore.dll
0x6d600000 - 0x6d62a000 	C:\Program Files (x86)\Java\jdk1.7.0_07\jre\bin\fontmanager.dll
0x6d780000 - 0x6d794000 	C:\Program Files (x86)\Java\jdk1.7.0_07\jre\bin\net.dll
0x71be0000 - 0x71c2a000 	C:\Windows\system32\mswsock.dll
0x6d900000 - 0x6d90f000 	C:\Program Files (x86)\Java\jdk1.7.0_07\jre\bin\nio.dll
0x6d5c0000 - 0x6d5f1000 	C:\Program Files (x86)\Java\jdk1.7.0_07\jre\bin\t2k.dll
0x76d30000 - 0x76da4000 	C:\Windows\SYSTEM32\clbcatq.dll
0x6e5e0000 - 0x6e72b000 	C:\Windows\SYSTEM32\WindowsCodecs.dll
0x73390000 - 0x733a1000 	C:\Windows\SYSTEM32\profapi.dll
0x6d1b0000 - 0x6d219000 	C:\Windows\System32\msvcp100.dll
0x6c670000 - 0x6c86f000 	C:\opencv\build\x86\vc10\bin\opencv_core245.dll
0x6d130000 - 0x6d1a4000 	C:\Users\WashingtonLuis\AppData\Local\Temp\javacpp104152704627773\jniopencv_core.dll
0x67fa0000 - 0x68201000 	C:\opencv\build\x86\vc10\bin\opencv_imgproc245.dll
0x6d0f0000 - 0x6d129000 	C:\Users\WashingtonLuis\AppData\Local\Temp\javacpp104152704627773\jniopencv_imgproc.dll
0x72a80000 - 0x72ba9000 	C:\Windows\SYSTEM32\dbghelp.dll

VM Arguments:
jvm_args: -Xbootclasspath/p:C:\Users\WashingtonLuis\Documents\NetBeansProjects\ocr-ia\${endorsed.classpath} -Dfile.encoding=UTF-8 
java_command: ocr.controllers.OCR_Controller
Launcher Type: SUN_STANDARD

Environment Variables:
PATH=C:\Program Files (x86)\PC Connectivity Solution\;C:\Python33\;C:\Windows\system32;C:\Windows;C:\Windows\System32\Wbem;C:\Windows\System32\WindowsPowerShell\v1.0\;C:\Program Files (x86)\Windows Kits\8.0\Windows Performance Toolkit\;c:\Program Files (x86)\Microsoft SQL Server\100\Tools\Binn\;c:\Program Files\Microsoft SQL Server\100\Tools\Binn\;c:\Program Files\Microsoft SQL Server\100\DTS\Binn\;c:\MinGW\bin;C:\Program Files (x86)\Windows Live\Shared;C:\Program Files\MATLAB\R2012b\runtime\win64;C:\Program Files\MATLAB\R2012b\bin;C:\dislin\win;C:\Program Files\Microsoft SQL Server\110\Tools\Binn\;C:\Program Files (x86)\MiKTeX 2.9\miktex\bin\;C:\Program Files (x86)\Toshiba\Bluetooth Toshiba Stack\sys\;C:\Program Files (x86)\Toshiba\Bluetooth Toshiba Stack\sys\x64\;C:\Windows\system32\wbem;C:\Program Files (x86)\IVT Corporation\BlueSoleil\Mobile;C:\opencv\bin\Debug;C:\opencv\bin\Release;C:\opencv\build\x86\vc10\bin;C:\opencv\build\java\x86;C:\fann\bin;C:\Windows\system32;C:\Windows;C:\Windows\System32\Wbem;C:\Windows\System32\WindowsPowerShell\v1.0\;C:\Program Files (x86)\Windows Kits\8.0\Windows Performance Toolkit\;c:\Program Files (x86)\Microsoft SQL Server\100\Tools\Binn\;c:\Program Files\Microsoft SQL Server\100\Tools\Binn\;c:\Program Files\Microsoft SQL Server\100\DTS\Binn\;c:\MinGW\bin;C:\Program Files (x86)\Windows Live\Shared;C:\Program Files (x86)\Microsoft Visual Studio 10.0\VC\bin;C:\Python33;C:\dislin\win;
USERNAME=WashingtonLuis
OS=Windows_NT
PROCESSOR_IDENTIFIER=Intel64 Family 6 Model 23 Stepping 10, GenuineIntel



---------------  S Y S T E M  ---------------

OS: Windows 8 , 64 bit Build 9200 

CPU:total 2 (2 cores per cpu, 1 threads per core) family 6 model 23 stepping 10, cmov, cx8, fxsr, mmx, sse, sse2, sse3, ssse3, tsc

Memory: 4k page, physical 4154324k(1737632k free), swap 4940756k(1849732k free)

vm_info: Java HotSpot(TM) Client VM (23.3-b01) for windows-x86 JRE (1.7.0_07-b11), built on Sep  7 2012 01:40:56 by "java_re" with unknown MS VC++:1600

time: Tue Jun 04 03:44:17 2013
elapsed time: 6 seconds

