#
# A fatal error has been detected by the Java Runtime Environment:
#
#  EXCEPTION_UNCAUGHT_CXX_EXCEPTION (0xe06d7363) at pc=0x77264b32, pid=1728, tid=5712
#
# JRE version: 7.0_07-b11
# Java VM: Java HotSpot(TM) Client VM (23.3-b01 mixed mode windows-x86 )
# Problematic frame:
# C  [KERNELBASE.dll+0x14b32]  RaiseException+0x49
#
# Failed to write core dump. Minidumps are not enabled by default on client versions of Windows
#
# If you would like to submit a bug report, please visit:
#   http://bugreport.sun.com/bugreport/crash.jsp
# The crash happened outside the Java Virtual Machine in native code.
# See problematic frame for where to report the bug.
#

---------------  T H R E A D  ---------------

Current thread (0x19fe9800):  JavaThread "AWT-EventQueue-0" [_thread_in_native, id=5712, stack(0x1a640000,0x1a690000)]

siginfo: ExceptionCode=0xe06d7363, ExceptionInformation=0x19930520 0x1a67a760 0x6c8415bc 

Registers:
EAX=0x1a67a6b0, EBX=0x00000d56, ECX=0x00000003, EDX=0x00000000
ESP=0x1a67a6b0, EBP=0x1a67a70c, ESI=0x1a68bdbc, EDI=0x6d831ec6
EIP=0x77264b32, EFLAGS=0x00000212

Top of Stack: (sp=0x1a67a6b0)
0x1a67a6b0:   e06d7363 00000001 00000000 77264b32
0x1a67a6c0:   00000003 19930520 1a67a760 6c8415bc
0x1a67a6d0:   a85717e1 00000031 1a67a7c4 00000000
0x1a67a6e0:   1a09dd68 1a67a7c4 1a67a6d0 1a67a7c4
0x1a67a6f0:   00000031 1a67a714 6c6740fe 1a09dd68
0x1a67a700:   1a09da98 b3280238 1a68bdbc 1a67a744
0x1a67a710:   6d847819 e06d7363 00000001 00000003
0x1a67a720:   1a67a738 e06d7363 00000001 00000000 

Instructions: (pc=0x77264b32)
0x77264b12:   01 89 44 24 04 c7 44 24 0c e9 4a 26 77 85 c9 75
0x77264b22:   20 83 64 24 10 00 8d 04 24 50 ff 15 80 83 2e 77
0x77264b32:   8b 4c 24 54 33 cc e8 07 72 ff ff 8b e5 5d c2 10
0x77264b42:   00 8b 45 10 83 f8 0f 0f 87 37 bf 04 00 89 44 24 


Register to memory mapping:

EAX=0x1a67a6b0 is pointing into the stack for thread: 0x19fe9800
EBX=0x00000d56 is an unknown value
ECX=0x00000003 is an unknown value
EDX=0x00000000 is an unknown value
ESP=0x1a67a6b0 is pointing into the stack for thread: 0x19fe9800
EBP=0x1a67a70c is pointing into the stack for thread: 0x19fe9800
ESI=0x1a68bdbc is pointing into the stack for thread: 0x19fe9800
EDI=0x6d831ec6 is an unknown value


Stack: [0x1a640000,0x1a690000],  sp=0x1a67a6b0,  free space=233k
Native frames: (J=compiled Java code, j=interpreted, Vv=VM code, C=native code)
C  [KERNELBASE.dll+0x14b32]  RaiseException+0x49
C  [msvcr100.dll+0x27819]  CxxThrowException+0x45

Java frames: (J=compiled Java code, j=interpreted, Vv=VM code)
j  com.googlecode.javacv.cpp.opencv_imgproc.cvCvtColor(Lcom/googlecode/javacv/cpp/opencv_core$CvArr;Lcom/googlecode/javacv/cpp/opencv_core$CvArr;I)V+0
j  ocr.entities.ImageTools.converterImgEscalaCinza(Lcom/googlecode/javacv/cpp/opencv_core$IplImage;)Lcom/googlecode/javacv/cpp/opencv_core$IplImage;+22
j  ocr.controllers.OCR_Controller.preprocessar(Lcom/googlecode/javacv/cpp/opencv_core$IplImage;)Lcom/googlecode/javacv/cpp/opencv_core$IplImage;+27
j  ocr.controllers.OCR_Controller.adicionarAoTreino(Ljava/awt/image/BufferedImage;Ljava/lang/Integer;)V+25
j  ocr.controllers.OCR_Controller.atualizar(Locr/interfaces/Drawer_Observable;)V+19
j  ocr.gui.Janela.notificarDesenho()V+29
j  ocr.gui.Janela.atualizar(Locr/interfaces/Drawer_Observable;)V+48
j  ocr.gui.ControlePainelDesenho.notificarDesenho()V+29
j  ocr.gui.ControlePainelDesenho$3.actionPerformed(Ljava/awt/event/ActionEvent;)V+17
j  javax.swing.AbstractButton.fireActionPerformed(Ljava/awt/event/ActionEvent;)V+84
j  javax.swing.AbstractButton$Handler.actionPerformed(Ljava/awt/event/ActionEvent;)V+5
j  javax.swing.DefaultButtonModel.fireActionPerformed(Ljava/awt/event/ActionEvent;)V+35
j  javax.swing.DefaultButtonModel.setPressed(Z)V+117
j  javax.swing.plaf.basic.BasicButtonListener.mouseReleased(Ljava/awt/event/MouseEvent;)V+35
j  java.awt.Component.processMouseEvent(Ljava/awt/event/MouseEvent;)V+64
j  javax.swing.JComponent.processMouseEvent(Ljava/awt/event/MouseEvent;)V+23
j  java.awt.Component.processEvent(Ljava/awt/AWTEvent;)V+81
j  java.awt.Container.processEvent(Ljava/awt/AWTEvent;)V+18
j  java.awt.Component.dispatchEventImpl(Ljava/awt/AWTEvent;)V+581
j  java.awt.Container.dispatchEventImpl(Ljava/awt/AWTEvent;)V+42
j  java.awt.Component.dispatchEvent(Ljava/awt/AWTEvent;)V+2
j  java.awt.LightweightDispatcher.retargetMouseEvent(Ljava/awt/Component;ILjava/awt/event/MouseEvent;)V+327
j  java.awt.LightweightDispatcher.processMouseEvent(Ljava/awt/event/MouseEvent;)Z+139
j  java.awt.LightweightDispatcher.dispatchEvent(Ljava/awt/AWTEvent;)Z+50
j  java.awt.Container.dispatchEventImpl(Ljava/awt/AWTEvent;)V+12
j  java.awt.Component.dispatchEvent(Ljava/awt/AWTEvent;)V+2
j  java.awt.EventQueue.dispatchEventImpl(Ljava/awt/AWTEvent;Ljava/lang/Object;)V+41
j  java.awt.EventQueue.access$200(Ljava/awt/EventQueue;Ljava/awt/AWTEvent;Ljava/lang/Object;)V+3
j  java.awt.EventQueue$3.run()Ljava/lang/Void;+12
j  java.awt.EventQueue$3.run()Ljava/lang/Object;+1
v  ~StubRoutines::call_stub
j  java.security.AccessController.doPrivileged(Ljava/security/PrivilegedAction;Ljava/security/AccessControlContext;)Ljava/lang/Object;+0
j  java.security.ProtectionDomain$1.doIntersectionPrivilege(Ljava/security/PrivilegedAction;Ljava/security/AccessControlContext;Ljava/security/AccessControlContext;)Ljava/lang/Object;+28
j  java.security.ProtectionDomain$1.doIntersectionPrivilege(Ljava/security/PrivilegedAction;Ljava/security/AccessControlContext;)Ljava/lang/Object;+6
j  java.awt.EventQueue$4.run()Ljava/lang/Void;+11
j  java.awt.EventQueue$4.run()Ljava/lang/Object;+1
v  ~StubRoutines::call_stub
j  java.security.AccessController.doPrivileged(Ljava/security/PrivilegedAction;Ljava/security/AccessControlContext;)Ljava/lang/Object;+0
j  java.security.ProtectionDomain$1.doIntersectionPrivilege(Ljava/security/PrivilegedAction;Ljava/security/AccessControlContext;Ljava/security/AccessControlContext;)Ljava/lang/Object;+28
j  java.awt.EventQueue.dispatchEvent(Ljava/awt/AWTEvent;)V+73
j  java.awt.EventDispatchThread.pumpOneEventForFilters(I)V+245
j  java.awt.EventDispatchThread.pumpEventsForFilter(ILjava/awt/Conditional;Ljava/awt/EventFilter;)V+48
j  java.awt.EventDispatchThread.pumpEventsForHierarchy(ILjava/awt/Conditional;Ljava/awt/Component;)V+11
j  java.awt.EventDispatchThread.pumpEvents(ILjava/awt/Conditional;)V+4
j  java.awt.EventDispatchThread.pumpEvents(Ljava/awt/Conditional;)V+3
j  java.awt.EventDispatchThread.run()V+9
v  ~StubRoutines::call_stub

---------------  P R O C E S S  ---------------

Java Threads: ( => current thread )
  0x1a029400 JavaThread "org.netbeans.modules.debugger.jpda.visual AWT Access Loop" daemon [_thread_blocked, id=2224, stack(0x1a8f0000,0x1a940000)]
  0x029ec000 JavaThread "DestroyJavaVM" [_thread_blocked, id=5872, stack(0x00fd0000,0x01020000)]
=>0x19fe9800 JavaThread "AWT-EventQueue-0" [_thread_in_native, id=5712, stack(0x1a640000,0x1a690000)]
  0x18f62c00 JavaThread "AWT-Windows" daemon [_thread_in_native, id=9164, stack(0x19ae0000,0x19b30000)]
  0x18f60000 JavaThread "AWT-Shutdown" [_thread_blocked, id=1308, stack(0x19a50000,0x19aa0000)]
  0x18f1dc00 JavaThread "Java2D Disposer" daemon [_thread_blocked, id=2556, stack(0x199c0000,0x19a10000)]
  0x18e0e000 JavaThread "Service Thread" daemon [_thread_blocked, id=8504, stack(0x19350000,0x193a0000)]
  0x18e0f800 JavaThread "C1 CompilerThread0" daemon [_thread_blocked, id=8360, stack(0x192c0000,0x19310000)]
  0x18e04000 JavaThread "JDWP Command Reader" daemon [_thread_in_native, id=8212, stack(0x19230000,0x19280000)]
  0x18e00c00 JavaThread "JDWP Event Helper Thread" daemon [_thread_blocked, id=5380, stack(0x191a0000,0x191f0000)]
  0x18df3000 JavaThread "JDWP Transport Listener: dt_shmem" daemon [_thread_blocked, id=3952, stack(0x19110000,0x19160000)]
  0x18df0c00 JavaThread "Attach Listener" daemon [_thread_blocked, id=8028, stack(0x19080000,0x190d0000)]
  0x18deec00 JavaThread "Signal Dispatcher" daemon [_thread_blocked, id=4724, stack(0x18ff0000,0x19040000)]
  0x02ae2400 JavaThread "Finalizer" daemon [_thread_blocked, id=3852, stack(0x18d60000,0x18db0000)]
  0x02ae1000 JavaThread "Reference Handler" daemon [_thread_blocked, id=4500, stack(0x18cd0000,0x18d20000)]

Other Threads:
  0x02ad9400 VMThread [stack: 0x18c40000,0x18c90000] [id=8320]
  0x18e2d800 WatcherThread [stack: 0x193e0000,0x19430000] [id=5288]

VM state:not at safepoint (normal execution)

VM Mutex/Monitor currently owned by a thread: None

Heap
 def new generation   total 4928K, used 855K [0x04af0000, 0x05040000, 0x0a040000)
  eden space 4416K,   7% used [0x04af0000, 0x04b45ef0, 0x04f40000)
  from space 512K, 100% used [0x04fc0000, 0x05040000, 0x05040000)
  to   space 512K,   0% used [0x04f40000, 0x04f40000, 0x04fc0000)
 tenured generation   total 10944K, used 4056K [0x0a040000, 0x0aaf0000, 0x14af0000)
   the space 10944K,  37% used [0x0a040000, 0x0a4361e8, 0x0a436200, 0x0aaf0000)
 compacting perm gen  total 12288K, used 7460K [0x14af0000, 0x156f0000, 0x18af0000)
   the space 12288K,  60% used [0x14af0000, 0x15239118, 0x15239200, 0x156f0000)
No shared spaces configured.

Card table byte_map: [0x18af0000,0x18ba0000] byte_map_base: 0x18aca880

Polling page: 0x00fa0000

Code Cache  [0x02af0000, 0x02bd8000, 0x04af0000)
 total_blobs=441 nmethods=207 adapters=177 free_code_cache=31864Kb largest_free_block=32629696

Compilation events (10 events):
Event: 4.906 Thread 0x18e0f800    4 %           com.googlecode.javacv.cpp.opencv_core$IplImage::flipCopyWithGamma @ 440 (523 bytes)
Event: 4.909 Thread 0x18e0f800 nmethod 4% 0x02bcca08 code [0x02bccda0, 0x02bcdd04]
Event: 4.910 Thread 0x18e0f800  200             java.nio.Buffer::position (43 bytes)
Event: 4.910 Thread 0x18e0f800 nmethod 200 0x02bcebc8 code [0x02bcecd0, 0x02bcedec]
Event: 17.835 Thread 0x18e0f800  201             java.util.concurrent.ConcurrentHashMap$Segment::rehash (262 bytes)
Event: 17.836 Thread 0x18e0f800 nmethod 201 0x02bcee88 code [0x02bcefc0, 0x02bcf520]
Event: 17.941 Thread 0x18e0f800  202             java.lang.Integer::valueOf (54 bytes)
Event: 17.941 Thread 0x18e0f800 nmethod 202 0x02bd1648 code [0x02bd1740, 0x02bd1830]
Event: 17.949 Thread 0x18e0f800  203             java.util.Arrays::copyOf (19 bytes)
Event: 17.949 Thread 0x18e0f800 nmethod 203 0x02bd1908 code [0x02bd1a10, 0x02bd1b7c]

GC Heap History (6 events):
Event: 0.961 GC heap before
{Heap before GC invocations=0 (full 0):
 def new generation   total 4928K, used 2959K [0x04af0000, 0x05040000, 0x0a040000)
  eden space 4416K,  67% used [0x04af0000, 0x04dd3c78, 0x04f40000)
  from space 512K,   0% used [0x04f40000, 0x04f40000, 0x04fc0000)
  to   space 512K,   0% used [0x04fc0000, 0x04fc0000, 0x05040000)
 tenured generation   total 10944K, used 0K [0x0a040000, 0x0aaf0000, 0x14af0000)
   the space 10944K,   0% used [0x0a040000, 0x0a040000, 0x0a040200, 0x0aaf0000)
 compacting perm gen  total 12288K, used 6222K [0x14af0000, 0x156f0000, 0x18af0000)
   the space 12288K,  50% used [0x14af0000, 0x15103ab0, 0x15103c00, 0x156f0000)
No shared spaces configured.
Event: 0.974 GC heap after
Heap after GC invocations=1 (full 0):
 def new generation   total 4928K, used 512K [0x04af0000, 0x05040000, 0x0a040000)
  eden space 4416K,   0% used [0x04af0000, 0x04af0000, 0x04f40000)
  from space 512K, 100% used [0x04fc0000, 0x05040000, 0x05040000)
  to   space 512K,   0% used [0x04f40000, 0x04f40000, 0x04fc0000)
 tenured generation   total 10944K, used 705K [0x0a040000, 0x0aaf0000, 0x14af0000)
   the space 10944K,   6% used [0x0a040000, 0x0a0f0408, 0x0a0f0600, 0x0aaf0000)
 compacting perm gen  total 12288K, used 6222K [0x14af0000, 0x156f0000, 0x18af0000)
   the space 12288K,  50% used [0x14af0000, 0x15103ab0, 0x15103c00, 0x156f0000)
No shared spaces configured.
}
Event: 4.650 GC heap before
{Heap before GC invocations=1 (full 0):
 def new generation   total 4928K, used 4618K [0x04af0000, 0x05040000, 0x0a040000)
  eden space 4416K,  92% used [0x04af0000, 0x04ef2908, 0x04f40000)
  from space 512K, 100% used [0x04fc0000, 0x05040000, 0x05040000)
  to   space 512K,   0% used [0x04f40000, 0x04f40000, 0x04fc0000)
 tenured generation   total 10944K, used 705K [0x0a040000, 0x0aaf0000, 0x14af0000)
   the space 10944K,   6% used [0x0a040000, 0x0a0f0408, 0x0a0f0600, 0x0aaf0000)
 compacting perm gen  total 12288K, used 6527K [0x14af0000, 0x156f0000, 0x18af0000)
   the space 12288K,  53% used [0x14af0000, 0x1514fcd8, 0x1514fe00, 0x156f0000)
No shared spaces configured.
Event: 4.660 GC heap after
Heap after GC invocations=2 (full 0):
 def new generation   total 4928K, used 285K [0x04af0000, 0x05040000, 0x0a040000)
  eden space 4416K,   0% used [0x04af0000, 0x04af0000, 0x04f40000)
  from space 512K,  55% used [0x04f40000, 0x04f874e8, 0x04fc0000)
  to   space 512K,   0% used [0x04fc0000, 0x04fc0000, 0x05040000)
 tenured generation   total 10944K, used 2986K [0x0a040000, 0x0aaf0000, 0x14af0000)
   the space 10944K,  27% used [0x0a040000, 0x0a32ab00, 0x0a32ac00, 0x0aaf0000)
 compacting perm gen  total 12288K, used 6527K [0x14af0000, 0x156f0000, 0x18af0000)
   the space 12288K,  53% used [0x14af0000, 0x1514fcd8, 0x1514fe00, 0x156f0000)
No shared spaces configured.
}
Event: 17.841 GC heap before
{Heap before GC invocations=2 (full 0):
 def new generation   total 4928K, used 4701K [0x04af0000, 0x05040000, 0x0a040000)
  eden space 4416K, 100% used [0x04af0000, 0x04f40000, 0x04f40000)
  from space 512K,  55% used [0x04f40000, 0x04f874e8, 0x04fc0000)
  to   space 512K,   0% used [0x04fc0000, 0x04fc0000, 0x05040000)
 tenured generation   total 10944K, used 2986K [0x0a040000, 0x0aaf0000, 0x14af0000)
   the space 10944K,  27% used [0x0a040000, 0x0a32ab00, 0x0a32ac00, 0x0aaf0000)
 compacting perm gen  total 12288K, used 7416K [0x14af0000, 0x156f0000, 0x18af0000)
   the space 12288K,  60% used [0x14af0000, 0x1522e320, 0x1522e400, 0x156f0000)
No shared spaces configured.
Event: 17.848 GC heap after
Heap after GC invocations=3 (full 0):
 def new generation   total 4928K, used 512K [0x04af0000, 0x05040000, 0x0a040000)
  eden space 4416K,   0% used [0x04af0000, 0x04af0000, 0x04f40000)
  from space 512K, 100% used [0x04fc0000, 0x05040000, 0x05040000)
  to   space 512K,   0% used [0x04f40000, 0x04f40000, 0x04fc0000)
 tenured generation   total 10944K, used 4056K [0x0a040000, 0x0aaf0000, 0x14af0000)
   the space 10944K,  37% used [0x0a040000, 0x0a4361e8, 0x0a436200, 0x0aaf0000)
 compacting perm gen  total 12288K, used 7416K [0x14af0000, 0x156f0000, 0x18af0000)
   the space 12288K,  60% used [0x14af0000, 0x1522e320, 0x1522e400, 0x156f0000)
No shared spaces configured.
}

Deoptimization events (0 events):
No events

Internal exceptions (10 events):
Event: 17.942 Thread 0x19fe9800 Threw 0x04b10a88 at C:\jdk7u1_32P\jdk7u7\hotspot\src\share\vm\prims\jvm.cpp:1166
Event: 17.943 Thread 0x19fe9800 Threw 0x04b14c10 at C:\jdk7u1_32P\jdk7u7\hotspot\src\share\vm\prims\jvm.cpp:1166
Event: 17.944 Thread 0x19fe9800 Threw 0x04b19338 at C:\jdk7u1_32P\jdk7u7\hotspot\src\share\vm\prims\jvm.cpp:1166
Event: 17.946 Thread 0x19fe9800 Threw 0x04b1d538 at C:\jdk7u1_32P\jdk7u7\hotspot\src\share\vm\prims\jvm.cpp:1166
Event: 17.947 Thread 0x19fe9800 Threw 0x04b223c0 at C:\jdk7u1_32P\jdk7u7\hotspot\src\share\vm\prims\jvm.cpp:1166
Event: 17.948 Thread 0x19fe9800 Threw 0x04b26528 at C:\jdk7u1_32P\jdk7u7\hotspot\src\share\vm\prims\jvm.cpp:1166
Event: 17.949 Thread 0x19fe9800 Threw 0x04b2a6c8 at C:\jdk7u1_32P\jdk7u7\hotspot\src\share\vm\prims\jvm.cpp:1166
Event: 17.951 Thread 0x19fe9800 Threw 0x04b2fc40 at C:\jdk7u1_32P\jdk7u7\hotspot\src\share\vm\prims\jvm.cpp:1166
Event: 17.952 Thread 0x19fe9800 Threw 0x04b34160 at C:\jdk7u1_32P\jdk7u7\hotspot\src\share\vm\prims\jvm.cpp:1166
Event: 29.834 Thread 0x19fe9800 Threw 0x04b37f20 at C:\jdk7u1_32P\jdk7u7\hotspot\src\share\vm\prims\jvm.cpp:1166

Events (10 events):
Event: 29.830 Executing VM operation: EnterInterpOnlyMode
Event: 29.830 Executing VM operation: EnterInterpOnlyMode done
Event: 29.831 Executing VM operation: GetCurrentLocation
Event: 29.831 Executing VM operation: GetCurrentLocation done
Event: 29.831 Executing VM operation: ChangeSingleStep
Event: 29.831 Executing VM operation: ChangeSingleStep done
Event: 29.834 loading class 0x18e9d4c0
Event: 29.834 loading class 0x18e9d4c0 done
Event: 29.843 Executing VM operation: ChangeSingleStep
Event: 29.843 Executing VM operation: ChangeSingleStep done


Dynamic libraries:
0x00a70000 - 0x00a9f000 	C:\Program Files (x86)\Java\jdk1.7.0_07\jre\bin\java.exe
0x773e0000 - 0x77537000 	C:\Windows\SYSTEM32\ntdll.dll
0x75870000 - 0x759a0000 	C:\Windows\SYSTEM32\KERNEL32.DLL
0x77250000 - 0x772f6000 	C:\Windows\SYSTEM32\KERNELBASE.dll
0x736c0000 - 0x73767000 	C:\Windows\system32\apphelp.dll
0x759a0000 - 0x75a4e000 	C:\Windows\SYSTEM32\ADVAPI32.dll
0x75380000 - 0x75496000 	C:\Windows\SYSTEM32\USER32.dll
0x72d90000 - 0x72f88000 	C:\Windows\WinSxS\x86_microsoft.windows.common-controls_6595b64144ccf1df_6.0.9200.16579_none_8937eec6860750f5\COMCTL32.dll
0x76f20000 - 0x76fd1000 	C:\Windows\SYSTEM32\msvcrt.dll
0x75010000 - 0x75044000 	C:\Windows\SYSTEM32\sechost.dll
0x74e80000 - 0x74f2c000 	C:\Windows\SYSTEM32\RPCRT4.dll
0x75050000 - 0x7514d000 	C:\Windows\SYSTEM32\GDI32.dll
0x74a20000 - 0x74a3c000 	C:\Windows\SYSTEM32\SspiCli.dll
0x74a10000 - 0x74a19000 	C:\Windows\SYSTEM32\CRYPTBASE.dll
0x749b0000 - 0x74a01000 	C:\Windows\SYSTEM32\bcryptPrimitives.dll
0x77230000 - 0x77250000 	C:\Windows\system32\IMM32.DLL
0x75790000 - 0x7586d000 	C:\Windows\SYSTEM32\MSCTF.dll
0x6d820000 - 0x6d8de000 	C:\Program Files (x86)\Java\jdk1.7.0_07\jre\bin\msvcr100.dll
0x6d920000 - 0x6dc6c000 	C:\Program Files (x86)\Java\jdk1.7.0_07\jre\bin\client\jvm.dll
0x73f20000 - 0x73f28000 	C:\Windows\SYSTEM32\WSOCK32.dll
0x746a0000 - 0x746c1000 	C:\Windows\SYSTEM32\WINMM.dll
0x74c80000 - 0x74c86000 	C:\Windows\SYSTEM32\PSAPI.DLL
0x771a0000 - 0x771f0000 	C:\Windows\SYSTEM32\WS2_32.dll
0x74100000 - 0x7412a000 	C:\Windows\SYSTEM32\WINMMBASE.dll
0x74dd0000 - 0x74dd8000 	C:\Windows\SYSTEM32\NSI.dll
0x6d910000 - 0x6d91c000 	C:\Program Files (x86)\Java\jdk1.7.0_07\jre\bin\verify.dll
0x6d7c0000 - 0x6d7e0000 	C:\Program Files (x86)\Java\jdk1.7.0_07\jre\bin\java.dll
0x6d1f0000 - 0x6d21a000 	C:\Program Files (x86)\Java\jdk1.7.0_07\jre\bin\jdwp.dll
0x6d560000 - 0x6d567000 	C:\Program Files (x86)\Java\jdk1.7.0_07\jre\bin\npt.dll
0x6d7a0000 - 0x6d7b3000 	C:\Program Files (x86)\Java\jdk1.7.0_07\jre\bin\zip.dll
0x6d5a0000 - 0x6d5a9000 	C:\Program Files (x86)\Java\jdk1.7.0_07\jre\bin\dt_shmem.dll
0x6d630000 - 0x6d772000 	C:\Program Files (x86)\Java\jdk1.7.0_07\jre\bin\awt.dll
0x74df0000 - 0x74e7b000 	C:\Windows\SYSTEM32\OLEAUT32.dll
0x74c90000 - 0x74dc6000 	C:\Windows\SYSTEM32\combase.dll
0x73fd0000 - 0x73fe9000 	C:\Windows\system32\DWMAPI.DLL
0x73ff0000 - 0x74078000 	C:\Windows\system32\uxtheme.dll
0x75670000 - 0x75789000 	C:\Windows\SYSTEM32\ole32.dll
0x75c50000 - 0x76d16000 	C:\Windows\SYSTEM32\SHELL32.dll
0x754a0000 - 0x754e0000 	C:\Windows\SYSTEM32\SHLWAPI.dll
0x747f0000 - 0x74865000 	C:\Windows\SYSTEM32\shcore.dll
0x6d600000 - 0x6d62a000 	C:\Program Files (x86)\Java\jdk1.7.0_07\jre\bin\fontmanager.dll
0x6d780000 - 0x6d794000 	C:\Program Files (x86)\Java\jdk1.7.0_07\jre\bin\net.dll
0x71be0000 - 0x71c2a000 	C:\Windows\system32\mswsock.dll
0x6d900000 - 0x6d90f000 	C:\Program Files (x86)\Java\jdk1.7.0_07\jre\bin\nio.dll
0x6d5c0000 - 0x6d5f1000 	C:\Program Files (x86)\Java\jdk1.7.0_07\jre\bin\t2k.dll
0x76d30000 - 0x76da4000 	C:\Windows\SYSTEM32\clbcatq.dll
0x6e5e0000 - 0x6e72b000 	C:\Windows\SYSTEM32\WindowsCodecs.dll
0x73390000 - 0x733a1000 	C:\Windows\SYSTEM32\profapi.dll
0x6d180000 - 0x6d1e9000 	C:\Windows\System32\msvcp100.dll
0x6c670000 - 0x6c86f000 	C:\opencv\build\x86\vc10\bin\opencv_core245.dll
0x6d100000 - 0x6d174000 	C:\Users\WashingtonLuis\AppData\Local\Temp\javacpp104481702293268\jniopencv_core.dll
0x67fa0000 - 0x68201000 	C:\opencv\build\x86\vc10\bin\opencv_imgproc245.dll
0x6d0c0000 - 0x6d0f9000 	C:\Users\WashingtonLuis\AppData\Local\Temp\javacpp104481702293268\jniopencv_imgproc.dll
0x72a80000 - 0x72ba9000 	C:\Windows\SYSTEM32\dbghelp.dll

VM Arguments:
jvm_args: -Xbootclasspath/p:C:\Users\WashingtonLuis\Documents\NetBeansProjects\ocr-ia\${endorsed.classpath} -Xdebug -Xrunjdwp:transport=dt_shmem,address=javadebug -Dfile.encoding=UTF-8 
java_command: ocr.controllers.OCR_Controller
Launcher Type: SUN_STANDARD

Environment Variables:
PATH=C:\Program Files (x86)\PC Connectivity Solution\;C:\Python33\;C:\Windows\system32;C:\Windows;C:\Windows\System32\Wbem;C:\Windows\System32\WindowsPowerShell\v1.0\;C:\Program Files (x86)\Windows Kits\8.0\Windows Performance Toolkit\;c:\Program Files (x86)\Microsoft SQL Server\100\Tools\Binn\;c:\Program Files\Microsoft SQL Server\100\Tools\Binn\;c:\Program Files\Microsoft SQL Server\100\DTS\Binn\;c:\MinGW\bin;C:\Program Files (x86)\Windows Live\Shared;C:\Program Files\MATLAB\R2012b\runtime\win64;C:\Program Files\MATLAB\R2012b\bin;C:\dislin\win;C:\Program Files\Microsoft SQL Server\110\Tools\Binn\;C:\Program Files (x86)\MiKTeX 2.9\miktex\bin\;C:\Program Files (x86)\Toshiba\Bluetooth Toshiba Stack\sys\;C:\Program Files (x86)\Toshiba\Bluetooth Toshiba Stack\sys\x64\;C:\Windows\system32\wbem;C:\Program Files (x86)\IVT Corporation\BlueSoleil\Mobile;C:\opencv\bin\Debug;C:\opencv\bin\Release;C:\opencv\build\x86\vc10\bin;C:\opencv\build\java\x86;C:\fann\bin;C:\Windows\system32;C:\Windows;C:\Windows\System32\Wbem;C:\Windows\System32\WindowsPowerShell\v1.0\;C:\Program Files (x86)\Windows Kits\8.0\Windows Performance Toolkit\;c:\Program Files (x86)\Microsoft SQL Server\100\Tools\Binn\;c:\Program Files\Microsoft SQL Server\100\Tools\Binn\;c:\Program Files\Microsoft SQL Server\100\DTS\Binn\;c:\MinGW\bin;C:\Program Files (x86)\Windows Live\Shared;C:\Program Files (x86)\Microsoft Visual Studio 10.0\VC\bin;C:\Python33;C:\dislin\win;
USERNAME=WashingtonLuis
OS=Windows_NT
PROCESSOR_IDENTIFIER=Intel64 Family 6 Model 23 Stepping 10, GenuineIntel



---------------  S Y S T E M  ---------------

OS: Windows 8 , 64 bit Build 9200 

CPU:total 2 (2 cores per cpu, 1 threads per core) family 6 model 23 stepping 10, cmov, cx8, fxsr, mmx, sse, sse2, sse3, ssse3, tsc

Memory: 4k page, physical 4154324k(1724560k free), swap 4940756k(1851600k free)

vm_info: Java HotSpot(TM) Client VM (23.3-b01) for windows-x86 JRE (1.7.0_07-b11), built on Sep  7 2012 01:40:56 by "java_re" with unknown MS VC++:1600

time: Tue Jun 04 03:50:10 2013
elapsed time: 29 seconds

