#
# A fatal error has been detected by the Java Runtime Environment:
#
#  EXCEPTION_UNCAUGHT_CXX_EXCEPTION (0xe06d7363) at pc=0x77264b32, pid=3608, tid=6960
#
# JRE version: 7.0_07-b11
# Java VM: Java HotSpot(TM) Client VM (23.3-b01 mixed mode, sharing windows-x86 )
# Problematic frame:
# C  [KERNELBASE.dll+0x14b32]  RaiseException+0x49
#
# Failed to write core dump. Minidumps are not enabled by default on client versions of Windows
#
# If you would like to submit a bug report, please visit:
#   http://bugreport.sun.com/bugreport/crash.jsp
# The crash happened outside the Java Virtual Machine in native code.
# See problematic frame for where to report the bug.
#

---------------  T H R E A D  ---------------

Current thread (0x04c80c00):  JavaThread "AWT-EventQueue-0" [_thread_in_native, id=6960, stack(0x05bc0000,0x05c10000)]

siginfo: ExceptionCode=0xe06d7363, ExceptionInformation=0x19930520 0x05bfae70 0x6c8415bc 

Registers:
EAX=0x05bfadc0, EBX=0x00000d56, ECX=0x00000003, EDX=0x00000000
ESP=0x05bfadc0, EBP=0x05bfae1c, ESI=0x05c0c4cc, EDI=0x6d831ec6
EIP=0x77264b32, EFLAGS=0x00000216

Top of Stack: (sp=0x05bfadc0)
0x05bfadc0:   e06d7363 00000001 00000000 77264b32
0x05bfadd0:   00000003 19930520 05bfae70 6c8415bc
0x05bfade0:   6d0bf431 00000031 05bfaed4 00000000
0x05bfadf0:   04cfddc0 05bfaed4 05bfade0 05bfaed4
0x05bfae00:   00000031 05bfae24 6c6740fe 04cfddc0
0x05bfae10:   04cfdf28 701f4556 05c0c4cc 05bfae54
0x05bfae20:   6d847819 e06d7363 00000001 00000003
0x05bfae30:   05bfae48 e06d7363 00000001 00000000 

Instructions: (pc=0x77264b32)
0x77264b12:   01 89 44 24 04 c7 44 24 0c e9 4a 26 77 85 c9 75
0x77264b22:   20 83 64 24 10 00 8d 04 24 50 ff 15 80 83 2e 77
0x77264b32:   8b 4c 24 54 33 cc e8 07 72 ff ff 8b e5 5d c2 10
0x77264b42:   00 8b 45 10 83 f8 0f 0f 87 37 bf 04 00 89 44 24 


Register to memory mapping:

EAX=0x05bfadc0 is pointing into the stack for thread: 0x04c80c00
EBX=0x00000d56 is an unknown value
ECX=0x00000003 is an unknown value
EDX=0x00000000 is an unknown value
ESP=0x05bfadc0 is pointing into the stack for thread: 0x04c80c00
EBP=0x05bfae1c is pointing into the stack for thread: 0x04c80c00
ESI=0x05c0c4cc is pointing into the stack for thread: 0x04c80c00
EDI=0x6d831ec6 is an unknown value


Stack: [0x05bc0000,0x05c10000],  sp=0x05bfadc0,  free space=235k
Native frames: (J=compiled Java code, j=interpreted, Vv=VM code, C=native code)
C  [KERNELBASE.dll+0x14b32]  RaiseException+0x49
C  [msvcr100.dll+0x27819]  CxxThrowException+0x45

Java frames: (J=compiled Java code, j=interpreted, Vv=VM code)
j  com.googlecode.javacv.cpp.opencv_imgproc.cvCvtColor(Lcom/googlecode/javacv/cpp/opencv_core$CvArr;Lcom/googlecode/javacv/cpp/opencv_core$CvArr;I)V+0
j  ocr.entities.ImageTools.converterImgEscalaCinza(Lcom/googlecode/javacv/cpp/opencv_core$IplImage;)Lcom/googlecode/javacv/cpp/opencv_core$IplImage;+22
j  ocr.controllers.OCR_Controller.preprocessar(Lcom/googlecode/javacv/cpp/opencv_core$IplImage;)Lcom/googlecode/javacv/cpp/opencv_core$IplImage;+27
j  ocr.controllers.OCR_Controller.adicionarAoTreino(Ljava/awt/image/BufferedImage;Ljava/lang/Integer;)V+25
j  ocr.controllers.OCR_Controller.atualizar(Locr/interfaces/Drawer_Observable;)V+19
j  ocr.gui.Janela.notificarDesenho()V+29
j  ocr.gui.Janela.atualizar(Locr/interfaces/Drawer_Observable;)V+48
j  ocr.gui.ControlePainelDesenho.notificarDesenho()V+29
j  ocr.gui.ControlePainelDesenho$3.actionPerformed(Ljava/awt/event/ActionEvent;)V+17
j  javax.swing.AbstractButton.fireActionPerformed(Ljava/awt/event/ActionEvent;)V+84
j  javax.swing.AbstractButton$Handler.actionPerformed(Ljava/awt/event/ActionEvent;)V+5
j  javax.swing.DefaultButtonModel.fireActionPerformed(Ljava/awt/event/ActionEvent;)V+35
j  javax.swing.DefaultButtonModel.setPressed(Z)V+117
j  javax.swing.plaf.basic.BasicButtonListener.mouseReleased(Ljava/awt/event/MouseEvent;)V+35
j  java.awt.Component.processMouseEvent(Ljava/awt/event/MouseEvent;)V+64
j  javax.swing.JComponent.processMouseEvent(Ljava/awt/event/MouseEvent;)V+23
j  java.awt.Component.processEvent(Ljava/awt/AWTEvent;)V+81
j  java.awt.Container.processEvent(Ljava/awt/AWTEvent;)V+18
j  java.awt.Component.dispatchEventImpl(Ljava/awt/AWTEvent;)V+581
j  java.awt.Container.dispatchEventImpl(Ljava/awt/AWTEvent;)V+42
j  java.awt.Component.dispatchEvent(Ljava/awt/AWTEvent;)V+2
j  java.awt.LightweightDispatcher.retargetMouseEvent(Ljava/awt/Component;ILjava/awt/event/MouseEvent;)V+327
j  java.awt.LightweightDispatcher.processMouseEvent(Ljava/awt/event/MouseEvent;)Z+139
j  java.awt.LightweightDispatcher.dispatchEvent(Ljava/awt/AWTEvent;)Z+50
j  java.awt.Container.dispatchEventImpl(Ljava/awt/AWTEvent;)V+12
j  java.awt.Component.dispatchEvent(Ljava/awt/AWTEvent;)V+2
j  java.awt.EventQueue.dispatchEventImpl(Ljava/awt/AWTEvent;Ljava/lang/Object;)V+41
j  java.awt.EventQueue.access$200(Ljava/awt/EventQueue;Ljava/awt/AWTEvent;Ljava/lang/Object;)V+3
j  java.awt.EventQueue$3.run()Ljava/lang/Void;+12
j  java.awt.EventQueue$3.run()Ljava/lang/Object;+1
v  ~StubRoutines::call_stub
j  java.security.AccessController.doPrivileged(Ljava/security/PrivilegedAction;Ljava/security/AccessControlContext;)Ljava/lang/Object;+0
j  java.security.ProtectionDomain$1.doIntersectionPrivilege(Ljava/security/PrivilegedAction;Ljava/security/AccessControlContext;Ljava/security/AccessControlContext;)Ljava/lang/Object;+28
j  java.security.ProtectionDomain$1.doIntersectionPrivilege(Ljava/security/PrivilegedAction;Ljava/security/AccessControlContext;)Ljava/lang/Object;+6
j  java.awt.EventQueue$4.run()Ljava/lang/Void;+11
j  java.awt.EventQueue$4.run()Ljava/lang/Object;+1
v  ~StubRoutines::call_stub
j  java.security.AccessController.doPrivileged(Ljava/security/PrivilegedAction;Ljava/security/AccessControlContext;)Ljava/lang/Object;+0
j  java.security.ProtectionDomain$1.doIntersectionPrivilege(Ljava/security/PrivilegedAction;Ljava/security/AccessControlContext;Ljava/security/AccessControlContext;)Ljava/lang/Object;+28
j  java.awt.EventQueue.dispatchEvent(Ljava/awt/AWTEvent;)V+73
j  java.awt.EventDispatchThread.pumpOneEventForFilters(I)V+245
j  java.awt.EventDispatchThread.pumpEventsForFilter(ILjava/awt/Conditional;Ljava/awt/EventFilter;)V+48
j  java.awt.EventDispatchThread.pumpEventsForHierarchy(ILjava/awt/Conditional;Ljava/awt/Component;)V+11
j  java.awt.EventDispatchThread.pumpEvents(ILjava/awt/Conditional;)V+4
j  java.awt.EventDispatchThread.pumpEvents(Ljava/awt/Conditional;)V+3
j  java.awt.EventDispatchThread.run()V+9
v  ~StubRoutines::call_stub

---------------  P R O C E S S  ---------------

Java Threads: ( => current thread )
  0x00b6bc00 JavaThread "DestroyJavaVM" [_thread_blocked, id=8944, stack(0x00ae0000,0x00b30000)]
=>0x04c80c00 JavaThread "AWT-EventQueue-0" [_thread_in_native, id=6960, stack(0x05bc0000,0x05c10000)]
  0x04c1ac00 JavaThread "AWT-Windows" daemon [_thread_in_native, id=7856, stack(0x05460000,0x054b0000)]
  0x04c1a000 JavaThread "AWT-Shutdown" [_thread_blocked, id=3356, stack(0x053d0000,0x05420000)]
  0x04c19800 JavaThread "Java2D Disposer" daemon [_thread_blocked, id=3240, stack(0x051f0000,0x05240000)]
  0x00eb0800 JavaThread "Service Thread" daemon [_thread_blocked, id=5312, stack(0x04ad0000,0x04b20000)]
  0x00eaf800 JavaThread "C1 CompilerThread0" daemon [_thread_blocked, id=924, stack(0x04a40000,0x04a90000)]
  0x00eae400 JavaThread "Attach Listener" daemon [_thread_blocked, id=3804, stack(0x049b0000,0x04a00000)]
  0x00eac400 JavaThread "Signal Dispatcher" daemon [_thread_blocked, id=6256, stack(0x04920000,0x04970000)]
  0x00e98c00 JavaThread "Finalizer" daemon [_thread_blocked, id=2288, stack(0x04890000,0x048e0000)]
  0x00e94000 JavaThread "Reference Handler" daemon [_thread_blocked, id=5352, stack(0x04800000,0x04850000)]

Other Threads:
  0x00e92c00 VMThread [stack: 0x04770000,0x047c0000] [id=5400]
  0x00eb4800 WatcherThread [stack: 0x04b60000,0x04bb0000] [id=6136]

VM state:not at safepoint (normal execution)

VM Mutex/Monitor currently owned by a thread: None

Heap
 def new generation   total 4928K, used 1951K [0x24260000, 0x247b0000, 0x297b0000)
  eden space 4416K,  32% used [0x24260000, 0x243c7ce8, 0x246b0000)
  from space 512K, 100% used [0x24730000, 0x247b0000, 0x247b0000)
  to   space 512K,   0% used [0x246b0000, 0x246b0000, 0x24730000)
 tenured generation   total 10944K, used 4059K [0x297b0000, 0x2a260000, 0x34260000)
   the space 10944K,  37% used [0x297b0000, 0x29ba6e88, 0x29ba7000, 0x2a260000)
 compacting perm gen  total 12288K, used 1723K [0x34260000, 0x34e60000, 0x38260000)
   the space 12288K,  14% used [0x34260000, 0x3440ed48, 0x3440ee00, 0x34e60000)
    ro space 10240K,  45% used [0x38260000, 0x386e4650, 0x386e4800, 0x38c60000)
    rw space 12288K,  54% used [0x38c60000, 0x392e7e58, 0x392e8000, 0x39860000)

Card table byte_map: [0x04650000,0x04700000] byte_map_base: 0x0452ed00

Polling page: 0x00b40000

Code Cache  [0x02650000, 0x02730000, 0x04650000)
 total_blobs=456 nmethods=214 adapters=177 free_code_cache=31878Kb largest_free_block=32643392

Compilation events (10 events):
Event: 5.859 Thread 0x00eaf800  207             java.util.concurrent.ConcurrentHashMap$Segment::rehash (262 bytes)
Event: 5.860 Thread 0x00eaf800 nmethod 207 0x0272b688 code [0x0272b7c0, 0x0272bce0]
Event: 5.930 Thread 0x00eaf800  208             java.lang.Integer::valueOf (54 bytes)
Event: 5.930 Thread 0x00eaf800 nmethod 208 0x0272dd08 code [0x0272de00, 0x0272def0]
Event: 5.933 Thread 0x00eaf800  209             java.lang.String::indexOf (7 bytes)
Event: 5.933 Thread 0x00eaf800 nmethod 209 0x0272dfc8 code [0x0272e0c0, 0x0272e15c]
Event: 5.935 Thread 0x00eaf800  210             java.net.URL::getHost (5 bytes)
Event: 5.935 Thread 0x00eaf800 nmethod 210 0x0272e1c8 code [0x0272e2c0, 0x0272e340]
Event: 5.937 Thread 0x00eaf800  211             java.util.Arrays::copyOf (19 bytes)
Event: 5.937 Thread 0x00eaf800 nmethod 211 0x0272e388 code [0x0272e490, 0x0272e5fc]

GC Heap History (6 events):
Event: 0.489 GC heap before
{Heap before GC invocations=0 (full 0):
 def new generation   total 4928K, used 4274K [0x24260000, 0x247b0000, 0x297b0000)
  eden space 4416K,  96% used [0x24260000, 0x2468ca20, 0x246b0000)
  from space 512K,   0% used [0x246b0000, 0x246b0000, 0x24730000)
  to   space 512K,   0% used [0x24730000, 0x24730000, 0x247b0000)
 tenured generation   total 10944K, used 0K [0x297b0000, 0x2a260000, 0x34260000)
   the space 10944K,   0% used [0x297b0000, 0x297b0000, 0x297b0200, 0x2a260000)
 compacting perm gen  total 12288K, used 892K [0x34260000, 0x34e60000, 0x38260000)
   the space 12288K,   7% used [0x34260000, 0x3433f2f8, 0x3433f400, 0x34e60000)
    ro space 10240K,  45% used [0x38260000, 0x386e4650, 0x386e4800, 0x38c60000)
    rw space 12288K,  54% used [0x38c60000, 0x392e7e58, 0x392e8000, 0x39860000)
Event: 0.497 GC heap after
Heap after GC invocations=1 (full 0):
 def new generation   total 4928K, used 512K [0x24260000, 0x247b0000, 0x297b0000)
  eden space 4416K,   0% used [0x24260000, 0x24260000, 0x246b0000)
  from space 512K, 100% used [0x24730000, 0x247b0000, 0x247b0000)
  to   space 512K,   0% used [0x246b0000, 0x246b0000, 0x24730000)
 tenured generation   total 10944K, used 2069K [0x297b0000, 0x2a260000, 0x34260000)
   the space 10944K,  18% used [0x297b0000, 0x299b5680, 0x299b5800, 0x2a260000)
 compacting perm gen  total 12288K, used 892K [0x34260000, 0x34e60000, 0x38260000)
   the space 12288K,   7% used [0x34260000, 0x3433f2f8, 0x3433f400, 0x34e60000)
    ro space 10240K,  45% used [0x38260000, 0x386e4650, 0x386e4800, 0x38c60000)
    rw space 12288K,  54% used [0x38c60000, 0x392e7e58, 0x392e8000, 0x39860000)
}
Event: 5.599 GC heap before
{Heap before GC invocations=1 (full 0):
 def new generation   total 4928K, used 4775K [0x24260000, 0x247b0000, 0x297b0000)
  eden space 4416K,  96% used [0x24260000, 0x24689f58, 0x246b0000)
  from space 512K, 100% used [0x24730000, 0x247b0000, 0x247b0000)
  to   space 512K,   0% used [0x246b0000, 0x246b0000, 0x24730000)
 tenured generation   total 10944K, used 2069K [0x297b0000, 0x2a260000, 0x34260000)
   the space 10944K,  18% used [0x297b0000, 0x299b5680, 0x299b5800, 0x2a260000)
 compacting perm gen  total 12288K, used 909K [0x34260000, 0x34e60000, 0x38260000)
   the space 12288K,   7% used [0x34260000, 0x34343728, 0x34343800, 0x34e60000)
    ro space 10240K,  45% used [0x38260000, 0x386e4650, 0x386e4800, 0x38c60000)
    rw space 12288K,  54% used [0x38c60000, 0x392e7e58, 0x392e8000, 0x39860000)
Event: 5.602 GC heap after
Heap after GC invocations=2 (full 0):
 def new generation   total 4928K, used 194K [0x24260000, 0x247b0000, 0x297b0000)
  eden space 4416K,   0% used [0x24260000, 0x24260000, 0x246b0000)
  from space 512K,  38% used [0x246b0000, 0x246e0aa8, 0x24730000)
  to   space 512K,   0% used [0x24730000, 0x24730000, 0x247b0000)
 tenured generation   total 10944K, used 2579K [0x297b0000, 0x2a260000, 0x34260000)
   the space 10944K,  23% used [0x297b0000, 0x29a34c30, 0x29a34e00, 0x2a260000)
 compacting perm gen  total 12288K, used 909K [0x34260000, 0x34e60000, 0x38260000)
   the space 12288K,   7% used [0x34260000, 0x34343728, 0x34343800, 0x34e60000)
    ro space 10240K,  45% used [0x38260000, 0x386e4650, 0x386e4800, 0x38c60000)
    rw space 12288K,  54% used [0x38c60000, 0x392e7e58, 0x392e8000, 0x39860000)
}
Event: 5.807 GC heap before
{Heap before GC invocations=2 (full 0):
 def new generation   total 4928K, used 4610K [0x24260000, 0x247b0000, 0x297b0000)
  eden space 4416K, 100% used [0x24260000, 0x246b0000, 0x246b0000)
  from space 512K,  38% used [0x246b0000, 0x246e0aa8, 0x24730000)
  to   space 512K,   0% used [0x24730000, 0x24730000, 0x247b0000)
 tenured generation   total 10944K, used 2579K [0x297b0000, 0x2a260000, 0x34260000)
   the space 10944K,  23% used [0x297b0000, 0x29a34c30, 0x29a34e00, 0x2a260000)
 compacting perm gen  total 12288K, used 1466K [0x34260000, 0x34e60000, 0x38260000)
   the space 12288K,  11% used [0x34260000, 0x343ce988, 0x343cea00, 0x34e60000)
    ro space 10240K,  45% used [0x38260000, 0x386e4650, 0x386e4800, 0x38c60000)
    rw space 12288K,  54% used [0x38c60000, 0x392e7e58, 0x392e8000, 0x39860000)
Event: 5.811 GC heap after
Heap after GC invocations=3 (full 0):
 def new generation   total 4928K, used 512K [0x24260000, 0x247b0000, 0x297b0000)
  eden space 4416K,   0% used [0x24260000, 0x24260000, 0x246b0000)
  from space 512K, 100% used [0x24730000, 0x247b0000, 0x247b0000)
  to   space 512K,   0% used [0x246b0000, 0x246b0000, 0x24730000)
 tenured generation   total 10944K, used 4059K [0x297b0000, 0x2a260000, 0x34260000)
   the space 10944K,  37% used [0x297b0000, 0x29ba6e88, 0x29ba7000, 0x2a260000)
 compacting perm gen  total 12288K, used 1466K [0x34260000, 0x34e60000, 0x38260000)
   the space 12288K,  11% used [0x34260000, 0x343ce988, 0x343cea00, 0x34e60000)
    ro space 10240K,  45% used [0x38260000, 0x386e4650, 0x386e4800, 0x38c60000)
    rw space 12288K,  54% used [0x38c60000, 0x392e7e58, 0x392e8000, 0x39860000)
}

Deoptimization events (0 events):
No events

Internal exceptions (10 events):
Event: 5.930 Thread 0x04c80c00 Threw 0x24392d70 at C:\jdk7u1_32P\jdk7u7\hotspot\src\share\vm\prims\jvm.cpp:1166
Event: 5.931 Thread 0x04c80c00 Threw 0x24396f88 at C:\jdk7u1_32P\jdk7u7\hotspot\src\share\vm\prims\jvm.cpp:1166
Event: 5.932 Thread 0x04c80c00 Threw 0x2439b6b0 at C:\jdk7u1_32P\jdk7u7\hotspot\src\share\vm\prims\jvm.cpp:1166
Event: 5.932 Thread 0x04c80c00 Threw 0x2439f8b0 at C:\jdk7u1_32P\jdk7u7\hotspot\src\share\vm\prims\jvm.cpp:1166
Event: 5.933 Thread 0x04c80c00 Threw 0x243a4188 at C:\jdk7u1_32P\jdk7u7\hotspot\src\share\vm\prims\jvm.cpp:1166
Event: 5.934 Thread 0x04c80c00 Threw 0x243a82f0 at C:\jdk7u1_32P\jdk7u7\hotspot\src\share\vm\prims\jvm.cpp:1166
Event: 5.934 Thread 0x04c80c00 Threw 0x243ac490 at C:\jdk7u1_32P\jdk7u7\hotspot\src\share\vm\prims\jvm.cpp:1166
Event: 5.935 Thread 0x04c80c00 Threw 0x243b1a18 at C:\jdk7u1_32P\jdk7u7\hotspot\src\share\vm\prims\jvm.cpp:1166
Event: 5.935 Thread 0x04c80c00 Threw 0x243b5f38 at C:\jdk7u1_32P\jdk7u7\hotspot\src\share\vm\prims\jvm.cpp:1166
Event: 5.937 Thread 0x04c80c00 Threw 0x243b9c40 at C:\jdk7u1_32P\jdk7u7\hotspot\src\share\vm\prims\jvm.cpp:1166

Events (10 events):
Event: 5.933 loading class 0x04cfdd30
Event: 5.933 loading class 0x04cfdd30 done
Event: 5.934 loading class 0x04cfde50
Event: 5.934 loading class 0x04cfde50 done
Event: 5.935 loading class 0x04d727f8
Event: 5.935 loading class 0x04d727f8 done
Event: 5.935 loading class 0x04d72348
Event: 5.935 loading class 0x04d72348 done
Event: 5.936 loading class 0x00ed77b0
Event: 5.936 loading class 0x00ed77b0 done


Dynamic libraries:
0x00a70000 - 0x00a9f000 	C:\Program Files (x86)\Java\jdk1.7.0_07\jre\bin\java.exe
0x773e0000 - 0x77537000 	C:\Windows\SYSTEM32\ntdll.dll
0x75870000 - 0x759a0000 	C:\Windows\SYSTEM32\KERNEL32.DLL
0x77250000 - 0x772f6000 	C:\Windows\SYSTEM32\KERNELBASE.dll
0x736c0000 - 0x73767000 	C:\Windows\system32\apphelp.dll
0x759a0000 - 0x75a4e000 	C:\Windows\SYSTEM32\ADVAPI32.dll
0x75380000 - 0x75496000 	C:\Windows\SYSTEM32\USER32.dll
0x72d90000 - 0x72f88000 	C:\Windows\WinSxS\x86_microsoft.windows.common-controls_6595b64144ccf1df_6.0.9200.16579_none_8937eec6860750f5\COMCTL32.dll
0x76f20000 - 0x76fd1000 	C:\Windows\SYSTEM32\msvcrt.dll
0x75010000 - 0x75044000 	C:\Windows\SYSTEM32\sechost.dll
0x74e80000 - 0x74f2c000 	C:\Windows\SYSTEM32\RPCRT4.dll
0x75050000 - 0x7514d000 	C:\Windows\SYSTEM32\GDI32.dll
0x74a20000 - 0x74a3c000 	C:\Windows\SYSTEM32\SspiCli.dll
0x74a10000 - 0x74a19000 	C:\Windows\SYSTEM32\CRYPTBASE.dll
0x749b0000 - 0x74a01000 	C:\Windows\SYSTEM32\bcryptPrimitives.dll
0x77230000 - 0x77250000 	C:\Windows\system32\IMM32.DLL
0x75790000 - 0x7586d000 	C:\Windows\SYSTEM32\MSCTF.dll
0x6d820000 - 0x6d8de000 	C:\Program Files (x86)\Java\jdk1.7.0_07\jre\bin\msvcr100.dll
0x6d920000 - 0x6dc6c000 	C:\Program Files (x86)\Java\jdk1.7.0_07\jre\bin\client\jvm.dll
0x73f20000 - 0x73f28000 	C:\Windows\SYSTEM32\WSOCK32.dll
0x746a0000 - 0x746c1000 	C:\Windows\SYSTEM32\WINMM.dll
0x74c80000 - 0x74c86000 	C:\Windows\SYSTEM32\PSAPI.DLL
0x771a0000 - 0x771f0000 	C:\Windows\SYSTEM32\WS2_32.dll
0x74100000 - 0x7412a000 	C:\Windows\SYSTEM32\WINMMBASE.dll
0x74dd0000 - 0x74dd8000 	C:\Windows\SYSTEM32\NSI.dll
0x6d910000 - 0x6d91c000 	C:\Program Files (x86)\Java\jdk1.7.0_07\jre\bin\verify.dll
0x6d7c0000 - 0x6d7e0000 	C:\Program Files (x86)\Java\jdk1.7.0_07\jre\bin\java.dll
0x6d7a0000 - 0x6d7b3000 	C:\Program Files (x86)\Java\jdk1.7.0_07\jre\bin\zip.dll
0x6d630000 - 0x6d772000 	C:\Program Files (x86)\Java\jdk1.7.0_07\jre\bin\awt.dll
0x74df0000 - 0x74e7b000 	C:\Windows\SYSTEM32\OLEAUT32.dll
0x74c90000 - 0x74dc6000 	C:\Windows\SYSTEM32\combase.dll
0x73fd0000 - 0x73fe9000 	C:\Windows\system32\DWMAPI.DLL
0x73ff0000 - 0x74078000 	C:\Windows\system32\uxtheme.dll
0x75670000 - 0x75789000 	C:\Windows\SYSTEM32\ole32.dll
0x75c50000 - 0x76d16000 	C:\Windows\SYSTEM32\SHELL32.dll
0x754a0000 - 0x754e0000 	C:\Windows\SYSTEM32\SHLWAPI.dll
0x747f0000 - 0x74865000 	C:\Windows\SYSTEM32\shcore.dll
0x6d600000 - 0x6d62a000 	C:\Program Files (x86)\Java\jdk1.7.0_07\jre\bin\fontmanager.dll
0x6d780000 - 0x6d794000 	C:\Program Files (x86)\Java\jdk1.7.0_07\jre\bin\net.dll
0x71be0000 - 0x71c2a000 	C:\Windows\system32\mswsock.dll
0x6d900000 - 0x6d90f000 	C:\Program Files (x86)\Java\jdk1.7.0_07\jre\bin\nio.dll
0x6d5c0000 - 0x6d5f1000 	C:\Program Files (x86)\Java\jdk1.7.0_07\jre\bin\t2k.dll
0x76d30000 - 0x76da4000 	C:\Windows\SYSTEM32\clbcatq.dll
0x6e5e0000 - 0x6e72b000 	C:\Windows\SYSTEM32\WindowsCodecs.dll
0x73390000 - 0x733a1000 	C:\Windows\SYSTEM32\profapi.dll
0x6d1b0000 - 0x6d219000 	C:\Windows\System32\msvcp100.dll
0x6c670000 - 0x6c86f000 	C:\opencv\build\x86\vc10\bin\opencv_core245.dll
0x6d130000 - 0x6d1a4000 	C:\Users\WashingtonLuis\AppData\Local\Temp\javacpp104203919299586\jniopencv_core.dll
0x67fa0000 - 0x68201000 	C:\opencv\build\x86\vc10\bin\opencv_imgproc245.dll
0x6d0f0000 - 0x6d129000 	C:\Users\WashingtonLuis\AppData\Local\Temp\javacpp104203919299586\jniopencv_imgproc.dll
0x72a80000 - 0x72ba9000 	C:\Windows\SYSTEM32\dbghelp.dll

VM Arguments:
jvm_args: -Xbootclasspath/p:C:\Users\WashingtonLuis\Documents\NetBeansProjects\ocr-ia\${endorsed.classpath} -Dfile.encoding=UTF-8 
java_command: ocr.controllers.OCR_Controller
Launcher Type: SUN_STANDARD

Environment Variables:
PATH=C:\Program Files (x86)\PC Connectivity Solution\;C:\Python33\;C:\Windows\system32;C:\Windows;C:\Windows\System32\Wbem;C:\Windows\System32\WindowsPowerShell\v1.0\;C:\Program Files (x86)\Windows Kits\8.0\Windows Performance Toolkit\;c:\Program Files (x86)\Microsoft SQL Server\100\Tools\Binn\;c:\Program Files\Microsoft SQL Server\100\Tools\Binn\;c:\Program Files\Microsoft SQL Server\100\DTS\Binn\;c:\MinGW\bin;C:\Program Files (x86)\Windows Live\Shared;C:\Program Files\MATLAB\R2012b\runtime\win64;C:\Program Files\MATLAB\R2012b\bin;C:\dislin\win;C:\Program Files\Microsoft SQL Server\110\Tools\Binn\;C:\Program Files (x86)\MiKTeX 2.9\miktex\bin\;C:\Program Files (x86)\Toshiba\Bluetooth Toshiba Stack\sys\;C:\Program Files (x86)\Toshiba\Bluetooth Toshiba Stack\sys\x64\;C:\Windows\system32\wbem;C:\Program Files (x86)\IVT Corporation\BlueSoleil\Mobile;C:\opencv\bin\Debug;C:\opencv\bin\Release;C:\opencv\build\x86\vc10\bin;C:\opencv\build\java\x86;C:\fann\bin;C:\Windows\system32;C:\Windows;C:\Windows\System32\Wbem;C:\Windows\System32\WindowsPowerShell\v1.0\;C:\Program Files (x86)\Windows Kits\8.0\Windows Performance Toolkit\;c:\Program Files (x86)\Microsoft SQL Server\100\Tools\Binn\;c:\Program Files\Microsoft SQL Server\100\Tools\Binn\;c:\Program Files\Microsoft SQL Server\100\DTS\Binn\;c:\MinGW\bin;C:\Program Files (x86)\Windows Live\Shared;C:\Program Files (x86)\Microsoft Visual Studio 10.0\VC\bin;C:\Python33;C:\dislin\win;
USERNAME=WashingtonLuis
OS=Windows_NT
PROCESSOR_IDENTIFIER=Intel64 Family 6 Model 23 Stepping 10, GenuineIntel



---------------  S Y S T E M  ---------------

OS: Windows 8 , 64 bit Build 9200 

CPU:total 2 (2 cores per cpu, 1 threads per core) family 6 model 23 stepping 10, cmov, cx8, fxsr, mmx, sse, sse2, sse3, ssse3, tsc

Memory: 4k page, physical 4154324k(1737172k free), swap 4940756k(1846396k free)

vm_info: Java HotSpot(TM) Client VM (23.3-b01) for windows-x86 JRE (1.7.0_07-b11), built on Sep  7 2012 01:40:56 by "java_re" with unknown MS VC++:1600

time: Tue Jun 04 03:45:08 2013
elapsed time: 5 seconds

