#
# A fatal error has been detected by the Java Runtime Environment:
#
#  EXCEPTION_UNCAUGHT_CXX_EXCEPTION (0xe06d7363) at pc=0x77264b32, pid=6628, tid=6676
#
# JRE version: 7.0_07-b11
# Java VM: Java HotSpot(TM) Client VM (23.3-b01 mixed mode, sharing windows-x86 )
# Problematic frame:
# C  [KERNELBASE.dll+0x14b32]  RaiseException+0x49
#
# Failed to write core dump. Minidumps are not enabled by default on client versions of Windows
#
# If you would like to submit a bug report, please visit:
#   http://bugreport.sun.com/bugreport/crash.jsp
# The crash happened outside the Java Virtual Machine in native code.
# See problematic frame for where to report the bug.
#

---------------  T H R E A D  ---------------

Current thread (0x00afbc00):  JavaThread "main" [_thread_in_native, id=6676, stack(0x009c0000,0x00a10000)]

siginfo: ExceptionCode=0xe06d7363, ExceptionInformation=0x19930520 0x009ff1d8 0x67f215bc 

Registers:
EAX=0x009ff128, EBX=0x00000553, ECX=0x00000003, EDX=0x00000000
ESP=0x009ff128, EBP=0x009ff184, ESI=0x00a0f288, EDI=0x6f351ec6
EIP=0x77264b32, EFLAGS=0x00000216

Top of Stack: (sp=0x009ff128)
0x009ff128:   e06d7363 00000001 00000000 77264b32
0x009ff138:   00000003 19930520 009ff1d8 67f215bc
0x009ff148:   110801d9 00000037 009ff23c 00000000
0x009ff158:   07a92788 009ff23c 009ff148 009ff23c
0x009ff168:   00000037 009ff18c 67d540fe 07a92788
0x009ff178:   07a92818 01c2c241 00a0f288 009ff1bc
0x009ff188:   6f367819 e06d7363 00000001 00000003
0x009ff198:   009ff1b0 e06d7363 00000001 00000000 

Instructions: (pc=0x77264b32)
0x77264b12:   01 89 44 24 04 c7 44 24 0c e9 4a 26 77 85 c9 75
0x77264b22:   20 83 64 24 10 00 8d 04 24 50 ff 15 80 83 2e 77
0x77264b32:   8b 4c 24 54 33 cc e8 07 72 ff ff 8b e5 5d c2 10
0x77264b42:   00 8b 45 10 83 f8 0f 0f 87 37 bf 04 00 89 44 24 


Register to memory mapping:

EAX=0x009ff128 is pointing into the stack for thread: 0x00afbc00
EBX=0x00000553 is an unknown value
ECX=0x00000003 is an unknown value
EDX=0x00000000 is an unknown value
ESP=0x009ff128 is pointing into the stack for thread: 0x00afbc00
EBP=0x009ff184 is pointing into the stack for thread: 0x00afbc00
ESI=0x00a0f288 is pointing into the stack for thread: 0x00afbc00
EDI=0x6f351ec6 is an unknown value


Stack: [0x009c0000,0x00a10000],  sp=0x009ff128,  free space=252k
Native frames: (J=compiled Java code, j=interpreted, Vv=VM code, C=native code)
C  [KERNELBASE.dll+0x14b32]  RaiseException+0x49
C  [msvcr100.dll+0x27819]  CxxThrowException+0x45

Java frames: (J=compiled Java code, j=interpreted, Vv=VM code)
j  com.googlecode.javacv.cpp.opencv_legacy.cvCalcEigenObjects(ILcom/googlecode/javacpp/Pointer;Lcom/googlecode/javacpp/Pointer;IILcom/googlecode/javacpp/Pointer;Lcom/googlecode/javacv/cpp/opencv_core$CvTermCriteria;Lcom/googlecode/javacv/cpp/opencv_core$IplImage;Lcom/googlecode/javacpp/FloatPointer;)V+0
j  ocr.controllers.DimensionReducer.doPCA()V+217
j  ocr.controllers.DimensionReducer.reduce([Lcom/googlecode/javacv/cpp/opencv_core$IplImage;I)V+20
j  ocr.controllers.OCR_Controller.main([Ljava/lang/String;)V+231
v  ~StubRoutines::call_stub

---------------  P R O C E S S  ---------------

Java Threads: ( => current thread )
  0x07a67000 JavaThread "AWT-Shutdown" [_thread_blocked, id=6552, stack(0x06ac0000,0x06b10000)]
  0x05f89000 JavaThread "AWT-Windows" daemon [_thread_in_native, id=1112, stack(0x06a20000,0x06a70000)]
  0x05f87c00 JavaThread "Java2D Disposer" daemon [_thread_blocked, id=5872, stack(0x068b0000,0x06900000)]
  0x00f24000 JavaThread "Service Thread" daemon [_thread_blocked, id=6168, stack(0x04880000,0x048d0000)]
  0x00f1f800 JavaThread "C1 CompilerThread0" daemon [_thread_blocked, id=5948, stack(0x047f0000,0x04840000)]
  0x00f1e400 JavaThread "Attach Listener" daemon [_thread_blocked, id=3984, stack(0x04760000,0x047b0000)]
  0x00f1c400 JavaThread "Signal Dispatcher" daemon [_thread_blocked, id=6100, stack(0x046d0000,0x04720000)]
  0x00f05800 JavaThread "Finalizer" daemon [_thread_blocked, id=2872, stack(0x04640000,0x04690000)]
  0x00f04000 JavaThread "Reference Handler" daemon [_thread_blocked, id=5780, stack(0x045b0000,0x04600000)]
=>0x00afbc00 JavaThread "main" [_thread_in_native, id=6676, stack(0x009c0000,0x00a10000)]

Other Threads:
  0x00f02c00 VMThread [stack: 0x04520000,0x04570000] [id=2472]
  0x00f34c00 WatcherThread [stack: 0x04910000,0x04960000] [id=2380]

VM state:not at safepoint (normal execution)

VM Mutex/Monitor currently owned by a thread: None

Heap
 def new generation   total 4928K, used 2948K [0x24260000, 0x247b0000, 0x297b0000)
  eden space 4416K,  55% used [0x24260000, 0x244c12d8, 0x246b0000)
  from space 512K, 100% used [0x246b0000, 0x24730000, 0x24730000)
  to   space 512K,   0% used [0x24730000, 0x24730000, 0x247b0000)
 tenured generation   total 10944K, used 1325K [0x297b0000, 0x2a260000, 0x34260000)
   the space 10944K,  12% used [0x297b0000, 0x298fb538, 0x298fb600, 0x2a260000)
 compacting perm gen  total 12288K, used 2341K [0x34260000, 0x34e60000, 0x38260000)
   the space 12288K,  19% used [0x34260000, 0x344a9508, 0x344a9600, 0x34e60000)
    ro space 10240K,  45% used [0x38260000, 0x386e4650, 0x386e4800, 0x38c60000)
    rw space 12288K,  54% used [0x38c60000, 0x392e7e58, 0x392e8000, 0x39860000)

Card table byte_map: [0x04470000,0x04520000] byte_map_base: 0x0434ed00

Polling page: 0x008a0000

Code Cache  [0x02470000, 0x02560000, 0x04470000)
 total_blobs=516 nmethods=255 adapters=196 free_code_cache=31815Kb largest_free_block=32578560

Compilation events (10 events):
Event: 12.417 Thread 0x00f1f800  252             java.lang.String::equalsIgnoreCase (48 bytes)
Event: 12.418 Thread 0x00f1f800 nmethod 252 0x0255d0c8 code [0x0255d1d0, 0x0255d2dc]
Event: 12.421 Thread 0x00f1f800  253             java.util.WeakHashMap::get (77 bytes)
Event: 12.421 Thread 0x00f1f800 nmethod 253 0x0255d3c8 code [0x0255d4f0, 0x0255d674]
Event: 12.423 Thread 0x00f1f800  254             java.lang.ClassLoader::checkName (43 bytes)
Event: 12.423 Thread 0x00f1f800 nmethod 254 0x0255d808 code [0x0255d930, 0x0255dae8]
Event: 12.423 Thread 0x00f1f800  255             sun.misc.VM::allowArraySyntax (4 bytes)
Event: 12.423 Thread 0x00f1f800 nmethod 255 0x0255dcc8 code [0x0255ddc0, 0x0255de40]
Event: 12.429 Thread 0x00f1f800  256             java.lang.Class::getClassLoader (49 bytes)
Event: 12.430 Thread 0x00f1f800 nmethod 256 0x0255de88 code [0x0255dfd0, 0x0255e1d0]

GC Heap History (4 events):
Event: 0.619 GC heap before
{Heap before GC invocations=0 (full 0):
 def new generation   total 4928K, used 4416K [0x24260000, 0x247b0000, 0x297b0000)
  eden space 4416K, 100% used [0x24260000, 0x246b0000, 0x246b0000)
  from space 512K,   0% used [0x246b0000, 0x246b0000, 0x24730000)
  to   space 512K,   0% used [0x24730000, 0x24730000, 0x247b0000)
 tenured generation   total 10944K, used 0K [0x297b0000, 0x2a260000, 0x34260000)
   the space 10944K,   0% used [0x297b0000, 0x297b0000, 0x297b0200, 0x2a260000)
 compacting perm gen  total 12288K, used 1033K [0x34260000, 0x34e60000, 0x38260000)
   the space 12288K,   8% used [0x34260000, 0x34362448, 0x34362600, 0x34e60000)
    ro space 10240K,  45% used [0x38260000, 0x386e4650, 0x386e4800, 0x38c60000)
    rw space 12288K,  54% used [0x38c60000, 0x392e7e58, 0x392e8000, 0x39860000)
Event: 0.623 GC heap after
Heap after GC invocations=1 (full 0):
 def new generation   total 4928K, used 512K [0x24260000, 0x247b0000, 0x297b0000)
  eden space 4416K,   0% used [0x24260000, 0x24260000, 0x246b0000)
  from space 512K, 100% used [0x24730000, 0x247b0000, 0x247b0000)
  to   space 512K,   0% used [0x246b0000, 0x246b0000, 0x24730000)
 tenured generation   total 10944K, used 479K [0x297b0000, 0x2a260000, 0x34260000)
   the space 10944K,   4% used [0x297b0000, 0x29827cd8, 0x29827e00, 0x2a260000)
 compacting perm gen  total 12288K, used 1033K [0x34260000, 0x34e60000, 0x38260000)
   the space 12288K,   8% used [0x34260000, 0x34362448, 0x34362600, 0x34e60000)
    ro space 10240K,  45% used [0x38260000, 0x386e4650, 0x386e4800, 0x38c60000)
    rw space 12288K,  54% used [0x38c60000, 0x392e7e58, 0x392e8000, 0x39860000)
}
Event: 12.108 GC heap before
{Heap before GC invocations=1 (full 0):
 def new generation   total 4928K, used 4928K [0x24260000, 0x247b0000, 0x297b0000)
  eden space 4416K, 100% used [0x24260000, 0x246b0000, 0x246b0000)
  from space 512K, 100% used [0x24730000, 0x247b0000, 0x247b0000)
  to   space 512K,   0% used [0x246b0000, 0x246b0000, 0x24730000)
 tenured generation   total 10944K, used 479K [0x297b0000, 0x2a260000, 0x34260000)
   the space 10944K,   4% used [0x297b0000, 0x29827cd8, 0x29827e00, 0x2a260000)
 compacting perm gen  total 12288K, used 1853K [0x34260000, 0x34e60000, 0x38260000)
   the space 12288K,  15% used [0x34260000, 0x3442f470, 0x3442f600, 0x34e60000)
    ro space 10240K,  45% used [0x38260000, 0x386e4650, 0x386e4800, 0x38c60000)
    rw space 12288K,  54% used [0x38c60000, 0x392e7e58, 0x392e8000, 0x39860000)
Event: 12.115 GC heap after
Heap after GC invocations=2 (full 0):
 def new generation   total 4928K, used 512K [0x24260000, 0x247b0000, 0x297b0000)
  eden space 4416K,   0% used [0x24260000, 0x24260000, 0x246b0000)
  from space 512K, 100% used [0x246b0000, 0x24730000, 0x24730000)
  to   space 512K,   0% used [0x24730000, 0x24730000, 0x247b0000)
 tenured generation   total 10944K, used 1325K [0x297b0000, 0x2a260000, 0x34260000)
   the space 10944K,  12% used [0x297b0000, 0x298fb538, 0x298fb600, 0x2a260000)
 compacting perm gen  total 12288K, used 1853K [0x34260000, 0x34e60000, 0x38260000)
   the space 12288K,  15% used [0x34260000, 0x3442f470, 0x3442f600, 0x34e60000)
    ro space 10240K,  45% used [0x38260000, 0x386e4650, 0x386e4800, 0x38c60000)
    rw space 12288K,  54% used [0x38c60000, 0x392e7e58, 0x392e8000, 0x39860000)
}

Deoptimization events (0 events):
No events

Internal exceptions (10 events):
Event: 12.430 Thread 0x00afbc00 Threw 0x24496b78 at C:\jdk7u1_32P\jdk7u7\hotspot\src\share\vm\prims\jvm.cpp:1166
Event: 12.430 Thread 0x00afbc00 Threw 0x2449a2e8 at C:\jdk7u1_32P\jdk7u7\hotspot\src\share\vm\prims\jvm.cpp:1166
Event: 12.431 Thread 0x00afbc00 Threw 0x2449e990 at C:\jdk7u1_32P\jdk7u7\hotspot\src\share\vm\prims\jvm.cpp:1166
Event: 12.431 Thread 0x00afbc00 Threw 0x244a24e8 at C:\jdk7u1_32P\jdk7u7\hotspot\src\share\vm\prims\jvm.cpp:1166
Event: 12.432 Thread 0x00afbc00 Threw 0x244a6af0 at C:\jdk7u1_32P\jdk7u7\hotspot\src\share\vm\prims\jvm.cpp:1166
Event: 12.432 Thread 0x00afbc00 Threw 0x244aa8e0 at C:\jdk7u1_32P\jdk7u7\hotspot\src\share\vm\prims\jvm.cpp:1166
Event: 12.433 Thread 0x00afbc00 Threw 0x244ae3d8 at C:\jdk7u1_32P\jdk7u7\hotspot\src\share\vm\prims\jvm.cpp:1166
Event: 12.433 Thread 0x00afbc00 Threw 0x244b1f38 at C:\jdk7u1_32P\jdk7u7\hotspot\src\share\vm\prims\jvm.cpp:1166
Event: 12.433 Thread 0x00afbc00 Threw 0x244b5d00 at C:\jdk7u1_32P\jdk7u7\hotspot\src\share\vm\prims\jvm.cpp:1166
Event: 12.434 Thread 0x00afbc00 Threw 0x244b92a0 at C:\jdk7u1_32P\jdk7u7\hotspot\src\share\vm\prims\jvm.cpp:1166

Events (10 events):
Event: 12.432 loading class 0x07a32328
Event: 12.432 loading class 0x07a32328 done
Event: 12.432 loading class 0x04981d90
Event: 12.432 loading class 0x04981d90 done
Event: 12.433 loading class 0x05fa2658
Event: 12.433 loading class 0x05fa2658 done
Event: 12.433 loading class 0x07a32b98
Event: 12.433 loading class 0x07a32b98 done
Event: 12.434 loading class 0x07a32a58
Event: 12.434 loading class 0x07a32a58 done


Dynamic libraries:
0x01040000 - 0x0106f000 	C:\Program Files (x86)\Java\jdk1.7.0_07\jre\bin\java.exe
0x773e0000 - 0x77537000 	C:\Windows\SYSTEM32\ntdll.dll
0x75870000 - 0x759a0000 	C:\Windows\SYSTEM32\KERNEL32.DLL
0x77250000 - 0x772f6000 	C:\Windows\SYSTEM32\KERNELBASE.dll
0x736c0000 - 0x73767000 	C:\Windows\system32\apphelp.dll
0x759a0000 - 0x75a4e000 	C:\Windows\SYSTEM32\ADVAPI32.dll
0x75380000 - 0x75496000 	C:\Windows\SYSTEM32\USER32.dll
0x72d90000 - 0x72f88000 	C:\Windows\WinSxS\x86_microsoft.windows.common-controls_6595b64144ccf1df_6.0.9200.16579_none_8937eec6860750f5\COMCTL32.dll
0x76f20000 - 0x76fd1000 	C:\Windows\SYSTEM32\msvcrt.dll
0x75010000 - 0x75044000 	C:\Windows\SYSTEM32\sechost.dll
0x74e80000 - 0x74f2c000 	C:\Windows\SYSTEM32\RPCRT4.dll
0x75050000 - 0x7514d000 	C:\Windows\SYSTEM32\GDI32.dll
0x74a20000 - 0x74a3c000 	C:\Windows\SYSTEM32\SspiCli.dll
0x74a10000 - 0x74a19000 	C:\Windows\SYSTEM32\CRYPTBASE.dll
0x749b0000 - 0x74a01000 	C:\Windows\SYSTEM32\bcryptPrimitives.dll
0x77230000 - 0x77250000 	C:\Windows\system32\IMM32.DLL
0x75790000 - 0x7586d000 	C:\Windows\SYSTEM32\MSCTF.dll
0x6f340000 - 0x6f3fe000 	C:\Program Files (x86)\Java\jdk1.7.0_07\jre\bin\msvcr100.dll
0x6e0d0000 - 0x6e41c000 	C:\Program Files (x86)\Java\jdk1.7.0_07\jre\bin\client\jvm.dll
0x73f20000 - 0x73f28000 	C:\Windows\SYSTEM32\WSOCK32.dll
0x746a0000 - 0x746c1000 	C:\Windows\SYSTEM32\WINMM.dll
0x74c80000 - 0x74c86000 	C:\Windows\SYSTEM32\PSAPI.DLL
0x771a0000 - 0x771f0000 	C:\Windows\SYSTEM32\WS2_32.dll
0x74100000 - 0x7412a000 	C:\Windows\SYSTEM32\WINMMBASE.dll
0x74dd0000 - 0x74dd8000 	C:\Windows\SYSTEM32\NSI.dll
0x71580000 - 0x7158c000 	C:\Program Files (x86)\Java\jdk1.7.0_07\jre\bin\verify.dll
0x6f320000 - 0x6f340000 	C:\Program Files (x86)\Java\jdk1.7.0_07\jre\bin\java.dll
0x6e070000 - 0x6e083000 	C:\Program Files (x86)\Java\jdk1.7.0_07\jre\bin\zip.dll
0x67f50000 - 0x67fb9000 	C:\Windows\System32\msvcp100.dll
0x67d50000 - 0x67f4f000 	C:\opencv\build\x86\vc10\bin\opencv_core245.dll
0x67cd0000 - 0x67d44000 	C:\Users\WashingtonLuis\AppData\Local\Temp\javacpp44060463588238\jniopencv_core.dll
0x67870000 - 0x67ad1000 	C:\opencv\build\x86\vc10\bin\opencv_imgproc245.dll
0x67c90000 - 0x67cc9000 	C:\Users\WashingtonLuis\AppData\Local\Temp\javacpp44060463588238\jniopencv_imgproc.dll
0x04b60000 - 0x058f9000 	C:\opencv\build\x86\vc10\bin\opencv_ffmpeg245.dll
0x67660000 - 0x6786a000 	C:\opencv\build\x86\vc10\bin\opencv_highgui245.dll
0x75670000 - 0x75789000 	C:\Windows\SYSTEM32\ole32.dll
0x74df0000 - 0x74e7b000 	C:\Windows\SYSTEM32\OLEAUT32.dll
0x67c70000 - 0x67c88000 	C:\Windows\SYSTEM32\AVIFIL32.dll
0x67c40000 - 0x67c61000 	C:\Windows\SYSTEM32\MSVFW32.dll
0x67640000 - 0x67654000 	C:\Windows\SYSTEM32\AVICAP32.dll
0x74c90000 - 0x74dc6000 	C:\Windows\SYSTEM32\combase.dll
0x74140000 - 0x74154000 	C:\Windows\SYSTEM32\MSACM32.dll
0x75c50000 - 0x76d16000 	C:\Windows\SYSTEM32\SHELL32.dll
0x74940000 - 0x74948000 	C:\Windows\SYSTEM32\VERSION.dll
0x754a0000 - 0x754e0000 	C:\Windows\SYSTEM32\SHLWAPI.dll
0x67c30000 - 0x67c3f000 	C:\Users\WashingtonLuis\AppData\Local\Temp\javacpp44060463588238\jniopencv_highgui.dll
0x6de90000 - 0x6dfd2000 	C:\Program Files (x86)\Java\jdk1.7.0_07\jre\bin\awt.dll
0x73fd0000 - 0x73fe9000 	C:\Windows\system32\DWMAPI.DLL
0x73ff0000 - 0x74078000 	C:\Windows\system32\uxtheme.dll
0x747f0000 - 0x74865000 	C:\Windows\SYSTEM32\shcore.dll
0x6de60000 - 0x6de8a000 	C:\Program Files (x86)\Java\jdk1.7.0_07\jre\bin\fontmanager.dll
0x6e050000 - 0x6e064000 	C:\Program Files (x86)\Java\jdk1.7.0_07\jre\bin\net.dll
0x71be0000 - 0x71c2a000 	C:\Windows\system32\mswsock.dll
0x6e040000 - 0x6e04f000 	C:\Program Files (x86)\Java\jdk1.7.0_07\jre\bin\nio.dll
0x6de20000 - 0x6de51000 	C:\Program Files (x86)\Java\jdk1.7.0_07\jre\bin\t2k.dll
0x675c0000 - 0x6763c000 	C:\opencv\build\x86\vc10\bin\opencv_flann245.dll
0x675a0000 - 0x675b4000 	C:\Users\WashingtonLuis\AppData\Local\Temp\javacpp44060463588238\jniopencv_flann.dll
0x674e0000 - 0x67595000 	C:\opencv\build\x86\vc10\bin\opencv_features2d245.dll
0x674a0000 - 0x674d7000 	C:\Users\WashingtonLuis\AppData\Local\Temp\javacpp44060463588238\jniopencv_features2d.dll
0x673d0000 - 0x67496000 	C:\opencv\build\x86\vc10\bin\opencv_calib3d245.dll
0x673b0000 - 0x673cd000 	C:\Users\WashingtonLuis\AppData\Local\Temp\javacpp44060463588238\jniopencv_calib3d.dll
0x67340000 - 0x673a8000 	C:\opencv\build\x86\vc10\bin\opencv_nonfree245.dll
0x67290000 - 0x67336000 	C:\opencv\build\x86\vc10\bin\opencv_objdetect245.dll
0x5b570000 - 0x5b5de000 	C:\opencv\build\x86\vc10\bin\opencv_gpu245.dll
0x5b510000 - 0x5b570000 	C:\opencv\build\x86\vc10\bin\opencv_video245.dll
0x67280000 - 0x6728e000 	C:\Users\WashingtonLuis\AppData\Local\Temp\javacpp44060463588238\jniopencv_nonfree.dll
0x5bd60000 - 0x5bd76000 	C:\Users\WashingtonLuis\AppData\Local\Temp\javacpp44060463588238\jniopencv_video.dll
0x5b490000 - 0x5b510000 	C:\opencv\build\x86\vc10\bin\opencv_ml245.dll
0x5af10000 - 0x5af58000 	C:\Users\WashingtonLuis\AppData\Local\Temp\javacpp44060463588238\jniopencv_ml.dll
0x5add0000 - 0x5af03000 	C:\opencv\build\x86\vc10\bin\opencv_legacy245.dll
0x5ad30000 - 0x5adc7000 	C:\Users\WashingtonLuis\AppData\Local\Temp\javacpp44060463588238\jniopencv_legacy.dll
0x72a80000 - 0x72ba9000 	C:\Windows\SYSTEM32\dbghelp.dll

VM Arguments:
jvm_args: -Xbootclasspath/p:C:\Users\WashingtonLuis\Documents\NetBeansProjects\ocr-ia\${endorsed.classpath} -Dfile.encoding=UTF-8 
java_command: ocr.controllers.OCR_Controller
Launcher Type: SUN_STANDARD

Environment Variables:
PATH=C:\Program Files (x86)\PC Connectivity Solution\;C:\Python33\;C:\Windows\system32;C:\Windows;C:\Windows\System32\Wbem;C:\Windows\System32\WindowsPowerShell\v1.0\;C:\Program Files (x86)\Windows Kits\8.0\Windows Performance Toolkit\;c:\Program Files (x86)\Microsoft SQL Server\100\Tools\Binn\;c:\Program Files\Microsoft SQL Server\100\Tools\Binn\;c:\Program Files\Microsoft SQL Server\100\DTS\Binn\;c:\MinGW\bin;C:\Program Files (x86)\Windows Live\Shared;C:\Program Files\MATLAB\R2012b\runtime\win64;C:\Program Files\MATLAB\R2012b\bin;C:\dislin\win;C:\Program Files\Microsoft SQL Server\110\Tools\Binn\;C:\Program Files (x86)\MiKTeX 2.9\miktex\bin\;C:\Program Files (x86)\Toshiba\Bluetooth Toshiba Stack\sys\;C:\Program Files (x86)\Toshiba\Bluetooth Toshiba Stack\sys\x64\;C:\Windows\system32\wbem;C:\Program Files (x86)\IVT Corporation\BlueSoleil\Mobile;C:\opencv\bin\Debug;C:\opencv\bin\Release;C:\opencv\build\x86\vc10\bin;C:\opencv\build\java\x86;C:\fann\bin;C:\Windows\system32;C:\Windows;C:\Windows\System32\Wbem;C:\Windows\System32\WindowsPowerShell\v1.0\;C:\Program Files (x86)\Windows Kits\8.0\Windows Performance Toolkit\;c:\Program Files (x86)\Microsoft SQL Server\100\Tools\Binn\;c:\Program Files\Microsoft SQL Server\100\Tools\Binn\;c:\Program Files\Microsoft SQL Server\100\DTS\Binn\;c:\MinGW\bin;C:\Program Files (x86)\Windows Live\Shared;C:\Program Files (x86)\Microsoft Visual Studio 10.0\VC\bin;C:\Python33;C:\dislin\win;
USERNAME=WashingtonLuis
OS=Windows_NT
PROCESSOR_IDENTIFIER=Intel64 Family 6 Model 23 Stepping 10, GenuineIntel



---------------  S Y S T E M  ---------------

OS: Windows 8 , 64 bit Build 9200 

CPU:total 2 (2 cores per cpu, 1 threads per core) family 6 model 23 stepping 10, cmov, cx8, fxsr, mmx, sse, sse2, sse3, ssse3, tsc

Memory: 4k page, physical 4154324k(1260972k free), swap 4940756k(1550912k free)

vm_info: Java HotSpot(TM) Client VM (23.3-b01) for windows-x86 JRE (1.7.0_07-b11), built on Sep  7 2012 01:40:56 by "java_re" with unknown MS VC++:1600

time: Mon Jun 03 11:02:56 2013
elapsed time: 12 seconds

